[0.641s] DEBUG:colcon:Command line arguments: ['/home/ubuntu/.local/bin/colcon', 'build']
[0.641s] DEBUG:colcon:Parsed command line arguments: Namespace(log_base=None, log_level=None, verb_name='build', build_base='build', install_base='install', merge_install=False, symlink_install=False, test_result_base=None, continue_on_error=False, executor='parallel', parallel_workers=7, event_handlers=None, ignore_user_meta=False, metas=['./colcon.meta'], base_paths=['.'], packages_ignore=None, packages_ignore_regex=None, paths=None, packages_up_to=None, packages_up_to_regex=None, packages_above=None, packages_above_and_dependencies=None, packages_above_depth=None, packages_select_by_dep=None, packages_skip_by_dep=None, packages_skip_up_to=None, packages_select_build_failed=False, packages_skip_build_finished=False, packages_select_test_failures=False, packages_skip_test_passed=False, packages_select=None, packages_skip=None, packages_select_regex=None, packages_skip_regex=None, packages_start=None, packages_end=None, cmake_args=None, cmake_target=None, cmake_target_skip_unavailable=False, cmake_clean_cache=False, cmake_clean_first=False, cmake_force_configure=False, ament_cmake_args=None, catkin_cmake_args=None, catkin_skip_building_tests=False, verb_parser=<colcon_defaults.argument_parser.defaults.DefaultArgumentsDecorator object at 0x72f0722ea2f0>, verb_extension=<colcon_core.verb.build.BuildVerb object at 0x72f0722e9ea0>, main=<bound method BuildVerb.main of <colcon_core.verb.build.BuildVerb object at 0x72f0722e9ea0>>)
[1.125s] Level 1:colcon.colcon_core.package_discovery:discover_packages(colcon_meta) check parameters
[1.125s] Level 1:colcon.colcon_core.package_discovery:discover_packages(recursive) check parameters
[1.125s] Level 1:colcon.colcon_core.package_discovery:discover_packages(ignore) check parameters
[1.125s] Level 1:colcon.colcon_core.package_discovery:discover_packages(path) check parameters
[1.125s] Level 1:colcon.colcon_core.package_discovery:discover_packages(colcon_meta) discover
[1.126s] Level 1:colcon.colcon_core.package_discovery:discover_packages(recursive) discover
[1.126s] INFO:colcon.colcon_core.package_discovery:Crawling recursively for packages in '/home/ubuntu/Documents/uvic/kraken-nano'
[1.127s] Level 1:colcon.colcon_core.package_identification:_identify(.) by extensions ['ignore', 'ignore_ament_install']
[1.127s] Level 1:colcon.colcon_core.package_identification:_identify(.) by extension 'ignore'
[1.127s] Level 1:colcon.colcon_core.package_identification:_identify(.) by extension 'ignore_ament_install'
[1.127s] Level 1:colcon.colcon_core.package_identification:_identify(.) by extensions ['colcon_pkg']
[1.127s] Level 1:colcon.colcon_core.package_identification:_identify(.) by extension 'colcon_pkg'
[1.127s] Level 1:colcon.colcon_core.package_identification:_identify(.) by extensions ['colcon_meta']
[1.127s] Level 1:colcon.colcon_core.package_identification:_identify(.) by extension 'colcon_meta'
[1.127s] Level 1:colcon.colcon_core.package_identification:_identify(.) by extensions ['ros']
[1.127s] Level 1:colcon.colcon_core.package_identification:_identify(.) by extension 'ros'
[1.180s] Level 1:colcon.colcon_core.package_identification:_identify(.) by extensions ['cmake', 'python']
[1.181s] Level 1:colcon.colcon_core.package_identification:_identify(.) by extension 'cmake'
[1.181s] Level 1:colcon.colcon_core.package_identification:_identify(.) by extension 'python'
[1.181s] Level 1:colcon.colcon_core.package_identification:_identify(.) by extensions ['python_setup_py']
[1.181s] Level 1:colcon.colcon_core.package_identification:_identify(.) by extension 'python_setup_py'
[1.181s] Level 1:colcon.colcon_core.package_identification:_identify(ROS) by extensions ['ignore', 'ignore_ament_install']
[1.181s] Level 1:colcon.colcon_core.package_identification:_identify(ROS) by extension 'ignore'
[1.181s] Level 1:colcon.colcon_core.package_identification:_identify(ROS) by extension 'ignore_ament_install'
[1.182s] Level 1:colcon.colcon_core.package_identification:_identify(ROS) by extensions ['colcon_pkg']
[1.182s] Level 1:colcon.colcon_core.package_identification:_identify(ROS) by extension 'colcon_pkg'
[1.183s] Level 1:colcon.colcon_core.package_identification:_identify(ROS) by extensions ['colcon_meta']
[1.183s] Level 1:colcon.colcon_core.package_identification:_identify(ROS) by extension 'colcon_meta'
[1.183s] Level 1:colcon.colcon_core.package_identification:_identify(ROS) by extensions ['ros']
[1.183s] Level 1:colcon.colcon_core.package_identification:_identify(ROS) by extension 'ros'
[1.183s] Level 1:colcon.colcon_core.package_identification:_identify(ROS) by extensions ['cmake', 'python']
[1.183s] Level 1:colcon.colcon_core.package_identification:_identify(ROS) by extension 'cmake'
[1.183s] Level 1:colcon.colcon_core.package_identification:_identify(ROS) by extension 'python'
[1.183s] Level 1:colcon.colcon_core.package_identification:_identify(ROS) by extensions ['python_setup_py']
[1.183s] Level 1:colcon.colcon_core.package_identification:_identify(ROS) by extension 'python_setup_py'
[1.183s] Level 1:colcon.colcon_core.package_identification:_identify(ROS/ws) by extensions ['ignore', 'ignore_ament_install']
[1.183s] Level 1:colcon.colcon_core.package_identification:_identify(ROS/ws) by extension 'ignore'
[1.183s] Level 1:colcon.colcon_core.package_identification:_identify(ROS/ws) by extension 'ignore_ament_install'
[1.183s] Level 1:colcon.colcon_core.package_identification:_identify(ROS/ws) by extensions ['colcon_pkg']
[1.184s] Level 1:colcon.colcon_core.package_identification:_identify(ROS/ws) by extension 'colcon_pkg'
[1.184s] Level 1:colcon.colcon_core.package_identification:_identify(ROS/ws) by extensions ['colcon_meta']
[1.184s] Level 1:colcon.colcon_core.package_identification:_identify(ROS/ws) by extension 'colcon_meta'
[1.184s] Level 1:colcon.colcon_core.package_identification:_identify(ROS/ws) by extensions ['ros']
[1.184s] Level 1:colcon.colcon_core.package_identification:_identify(ROS/ws) by extension 'ros'
[1.184s] Level 1:colcon.colcon_core.package_identification:_identify(ROS/ws) by extensions ['cmake', 'python']
[1.184s] Level 1:colcon.colcon_core.package_identification:_identify(ROS/ws) by extension 'cmake'
[1.184s] Level 1:colcon.colcon_core.package_identification:_identify(ROS/ws) by extension 'python'
[1.185s] Level 1:colcon.colcon_core.package_identification:_identify(ROS/ws) by extensions ['python_setup_py']
[1.185s] Level 1:colcon.colcon_core.package_identification:_identify(ROS/ws) by extension 'python_setup_py'
[1.185s] Level 1:colcon.colcon_core.package_identification:_identify(ROS/ws/src) by extensions ['ignore', 'ignore_ament_install']
[1.185s] Level 1:colcon.colcon_core.package_identification:_identify(ROS/ws/src) by extension 'ignore'
[1.185s] Level 1:colcon.colcon_core.package_identification:_identify(ROS/ws/src) by extension 'ignore_ament_install'
[1.185s] Level 1:colcon.colcon_core.package_identification:_identify(ROS/ws/src) by extensions ['colcon_pkg']
[1.185s] Level 1:colcon.colcon_core.package_identification:_identify(ROS/ws/src) by extension 'colcon_pkg'
[1.185s] Level 1:colcon.colcon_core.package_identification:_identify(ROS/ws/src) by extensions ['colcon_meta']
[1.185s] Level 1:colcon.colcon_core.package_identification:_identify(ROS/ws/src) by extension 'colcon_meta'
[1.185s] Level 1:colcon.colcon_core.package_identification:_identify(ROS/ws/src) by extensions ['ros']
[1.185s] Level 1:colcon.colcon_core.package_identification:_identify(ROS/ws/src) by extension 'ros'
[1.185s] Level 1:colcon.colcon_core.package_identification:_identify(ROS/ws/src) by extensions ['cmake', 'python']
[1.185s] Level 1:colcon.colcon_core.package_identification:_identify(ROS/ws/src) by extension 'cmake'
[1.186s] Level 1:colcon.colcon_core.package_identification:_identify(ROS/ws/src) by extension 'python'
[1.186s] Level 1:colcon.colcon_core.package_identification:_identify(ROS/ws/src) by extensions ['python_setup_py']
[1.186s] Level 1:colcon.colcon_core.package_identification:_identify(ROS/ws/src) by extension 'python_setup_py'
[1.187s] Level 1:colcon.colcon_core.package_identification:_identify(ROS/ws/src/build) by extensions ['ignore', 'ignore_ament_install']
[1.187s] Level 1:colcon.colcon_core.package_identification:_identify(ROS/ws/src/build) by extension 'ignore'
[1.187s] Level 1:colcon.colcon_core.package_identification:_identify(ROS/ws/src/build) ignored
[1.188s] Level 1:colcon.colcon_core.package_identification:_identify(ROS/ws/src/custom) by extensions ['ignore', 'ignore_ament_install']
[1.190s] Level 1:colcon.colcon_core.package_identification:_identify(ROS/ws/src/custom) by extension 'ignore'
[1.191s] Level 1:colcon.colcon_core.package_identification:_identify(ROS/ws/src/custom) by extension 'ignore_ament_install'
[1.191s] Level 1:colcon.colcon_core.package_identification:_identify(ROS/ws/src/custom) by extensions ['colcon_pkg']
[1.191s] Level 1:colcon.colcon_core.package_identification:_identify(ROS/ws/src/custom) by extension 'colcon_pkg'
[1.191s] Level 1:colcon.colcon_core.package_identification:_identify(ROS/ws/src/custom) by extensions ['colcon_meta']
[1.191s] Level 1:colcon.colcon_core.package_identification:_identify(ROS/ws/src/custom) by extension 'colcon_meta'
[1.191s] Level 1:colcon.colcon_core.package_identification:_identify(ROS/ws/src/custom) by extensions ['ros']
[1.191s] Level 1:colcon.colcon_core.package_identification:_identify(ROS/ws/src/custom) by extension 'ros'
[1.200s] DEBUG:colcon.colcon_core.package_identification:Package 'ROS/ws/src/custom' with type 'ros.ament_cmake' and name 'custom'
[1.200s] Level 1:colcon.colcon_core.package_identification:_identify(ROS/ws/src/install) by extensions ['ignore', 'ignore_ament_install']
[1.200s] Level 1:colcon.colcon_core.package_identification:_identify(ROS/ws/src/install) by extension 'ignore'
[1.200s] Level 1:colcon.colcon_core.package_identification:_identify(ROS/ws/src/install) ignored
[1.201s] Level 1:colcon.colcon_core.package_identification:_identify(ROS/ws/src/kraken) by extensions ['ignore', 'ignore_ament_install']
[1.201s] Level 1:colcon.colcon_core.package_identification:_identify(ROS/ws/src/kraken) by extension 'ignore'
[1.201s] Level 1:colcon.colcon_core.package_identification:_identify(ROS/ws/src/kraken) by extension 'ignore_ament_install'
[1.201s] Level 1:colcon.colcon_core.package_identification:_identify(ROS/ws/src/kraken) by extensions ['colcon_pkg']
[1.201s] Level 1:colcon.colcon_core.package_identification:_identify(ROS/ws/src/kraken) by extension 'colcon_pkg'
[1.201s] Level 1:colcon.colcon_core.package_identification:_identify(ROS/ws/src/kraken) by extensions ['colcon_meta']
[1.201s] Level 1:colcon.colcon_core.package_identification:_identify(ROS/ws/src/kraken) by extension 'colcon_meta'
[1.201s] Level 1:colcon.colcon_core.package_identification:_identify(ROS/ws/src/kraken) by extensions ['ros']
[1.201s] Level 1:colcon.colcon_core.package_identification:_identify(ROS/ws/src/kraken) by extension 'ros'
[1.202s] DEBUG:colcon.colcon_core.package_identification:Package 'ROS/ws/src/kraken' with type 'ros.ament_python' and name 'kraken'
[1.203s] Level 1:colcon.colcon_core.package_identification:_identify(ROS/ws/src/log) by extensions ['ignore', 'ignore_ament_install']
[1.203s] Level 1:colcon.colcon_core.package_identification:_identify(ROS/ws/src/log) by extension 'ignore'
[1.203s] Level 1:colcon.colcon_core.package_identification:_identify(ROS/ws/src/log) ignored
[1.203s] Level 1:colcon.colcon_core.package_identification:_identify(build) by extensions ['ignore', 'ignore_ament_install']
[1.203s] Level 1:colcon.colcon_core.package_identification:_identify(build) by extension 'ignore'
[1.203s] Level 1:colcon.colcon_core.package_identification:_identify(build) ignored
[1.203s] Level 1:colcon.colcon_core.package_identification:_identify(install) by extensions ['ignore', 'ignore_ament_install']
[1.203s] Level 1:colcon.colcon_core.package_identification:_identify(install) by extension 'ignore'
[1.203s] Level 1:colcon.colcon_core.package_identification:_identify(install) ignored
[1.203s] Level 1:colcon.colcon_core.package_identification:_identify(log) by extensions ['ignore', 'ignore_ament_install']
[1.203s] Level 1:colcon.colcon_core.package_identification:_identify(log) by extension 'ignore'
[1.203s] Level 1:colcon.colcon_core.package_identification:_identify(log) ignored
[1.204s] Level 1:colcon.colcon_core.package_discovery:discover_packages(recursive) using defaults
[1.204s] Level 1:colcon.colcon_core.package_discovery:discover_packages(ignore) discover
[1.204s] Level 1:colcon.colcon_core.package_discovery:discover_packages(ignore) using defaults
[1.204s] Level 1:colcon.colcon_core.package_discovery:discover_packages(path) discover
[1.204s] Level 1:colcon.colcon_core.package_discovery:discover_packages(path) using defaults
[1.303s] Level 5:colcon.colcon_core.verb:set package 'custom' build argument 'cmake_args' from command line to 'None'
[1.303s] Level 5:colcon.colcon_core.verb:set package 'custom' build argument 'cmake_target' from command line to 'None'
[1.304s] Level 5:colcon.colcon_core.verb:set package 'custom' build argument 'cmake_target_skip_unavailable' from command line to 'False'
[1.304s] Level 5:colcon.colcon_core.verb:set package 'custom' build argument 'cmake_clean_cache' from command line to 'False'
[1.304s] Level 5:colcon.colcon_core.verb:set package 'custom' build argument 'cmake_clean_first' from command line to 'False'
[1.304s] Level 5:colcon.colcon_core.verb:set package 'custom' build argument 'cmake_force_configure' from command line to 'False'
[1.304s] Level 5:colcon.colcon_core.verb:set package 'custom' build argument 'ament_cmake_args' from command line to 'None'
[1.304s] Level 5:colcon.colcon_core.verb:set package 'custom' build argument 'catkin_cmake_args' from command line to 'None'
[1.304s] Level 5:colcon.colcon_core.verb:set package 'custom' build argument 'catkin_skip_building_tests' from command line to 'False'
[1.304s] DEBUG:colcon.colcon_core.verb:Building package 'custom' with the following arguments: {'ament_cmake_args': None, 'build_base': '/home/ubuntu/Documents/uvic/kraken-nano/build/custom', 'catkin_cmake_args': None, 'catkin_skip_building_tests': False, 'cmake_args': None, 'cmake_clean_cache': False, 'cmake_clean_first': False, 'cmake_force_configure': False, 'cmake_target': None, 'cmake_target_skip_unavailable': False, 'install_base': '/home/ubuntu/Documents/uvic/kraken-nano/install/custom', 'merge_install': False, 'path': '/home/ubuntu/Documents/uvic/kraken-nano/ROS/ws/src/custom', 'symlink_install': False, 'test_result_base': None}
[1.304s] Level 5:colcon.colcon_core.verb:set package 'kraken' build argument 'cmake_args' from command line to 'None'
[1.304s] Level 5:colcon.colcon_core.verb:set package 'kraken' build argument 'cmake_target' from command line to 'None'
[1.304s] Level 5:colcon.colcon_core.verb:set package 'kraken' build argument 'cmake_target_skip_unavailable' from command line to 'False'
[1.304s] Level 5:colcon.colcon_core.verb:set package 'kraken' build argument 'cmake_clean_cache' from command line to 'False'
[1.304s] Level 5:colcon.colcon_core.verb:set package 'kraken' build argument 'cmake_clean_first' from command line to 'False'
[1.304s] Level 5:colcon.colcon_core.verb:set package 'kraken' build argument 'cmake_force_configure' from command line to 'False'
[1.304s] Level 5:colcon.colcon_core.verb:set package 'kraken' build argument 'ament_cmake_args' from command line to 'None'
[1.304s] Level 5:colcon.colcon_core.verb:set package 'kraken' build argument 'catkin_cmake_args' from command line to 'None'
[1.304s] Level 5:colcon.colcon_core.verb:set package 'kraken' build argument 'catkin_skip_building_tests' from command line to 'False'
[1.304s] DEBUG:colcon.colcon_core.verb:Building package 'kraken' with the following arguments: {'ament_cmake_args': None, 'build_base': '/home/ubuntu/Documents/uvic/kraken-nano/build/kraken', 'catkin_cmake_args': None, 'catkin_skip_building_tests': False, 'cmake_args': None, 'cmake_clean_cache': False, 'cmake_clean_first': False, 'cmake_force_configure': False, 'cmake_target': None, 'cmake_target_skip_unavailable': False, 'install_base': '/home/ubuntu/Documents/uvic/kraken-nano/install/kraken', 'merge_install': False, 'path': '/home/ubuntu/Documents/uvic/kraken-nano/ROS/ws/src/kraken', 'symlink_install': False, 'test_result_base': None}
[1.305s] INFO:colcon.colcon_core.executor:Executing jobs using 'parallel' executor
[1.307s] DEBUG:colcon.colcon_parallel_executor.executor.parallel:run_until_complete
[1.308s] INFO:colcon.colcon_ros.task.ament_cmake.build:Building ROS package in '/home/ubuntu/Documents/uvic/kraken-nano/ROS/ws/src/custom' with build type 'ament_cmake'
[1.308s] INFO:colcon.colcon_cmake.task.cmake.build:Building CMake package in '/home/ubuntu/Documents/uvic/kraken-nano/ROS/ws/src/custom'
[1.333s] INFO:colcon.colcon_core.plugin_system:Skipping extension 'colcon_core.shell.bat': Not used on non-Windows systems
[1.333s] INFO:colcon.colcon_core.shell:Skip shell extension 'powershell' for command environment: Not usable outside of PowerShell
[1.333s] DEBUG:colcon.colcon_core.shell:Skip shell extension 'dsv' for command environment
[1.386s] DEBUG:colcon.colcon_core.event_handler.log_command:Invoking command in '/home/ubuntu/Documents/uvic/kraken-nano/build/custom': /usr/bin/cmake /home/ubuntu/Documents/uvic/kraken-nano/ROS/ws/src/custom -DCMAKE_INSTALL_PREFIX=/home/ubuntu/Documents/uvic/kraken-nano/install/custom
[6.372s] DEBUG:colcon.colcon_core.event_handler.log_command:Invoked command in '/home/ubuntu/Documents/uvic/kraken-nano/build/custom' returned '1': /usr/bin/cmake /home/ubuntu/Documents/uvic/kraken-nano/ROS/ws/src/custom -DCMAKE_INSTALL_PREFIX=/home/ubuntu/Documents/uvic/kraken-nano/install/custom
[6.411s] Level 1:colcon.colcon_core.environment:create_environment_scripts_only(custom)
[6.531s] Level 1:colcon.colcon_core.environment:checking '/home/ubuntu/Documents/uvic/kraken-nano/install/custom' for CMake module files
[6.531s] Level 1:colcon.colcon_core.environment:checking '/home/ubuntu/Documents/uvic/kraken-nano/install/custom' for CMake config files
[6.532s] Level 1:colcon.colcon_core.environment:checking '/home/ubuntu/Documents/uvic/kraken-nano/install/custom/bin'
[6.533s] Level 1:colcon.colcon_core.environment:checking '/home/ubuntu/Documents/uvic/kraken-nano/install/custom/lib/pkgconfig/custom.pc'
[6.542s] Level 1:colcon.colcon_core.environment:checking '/home/ubuntu/Documents/uvic/kraken-nano/install/custom/lib/python3.10/site-packages'
[6.542s] Level 1:colcon.colcon_core.environment:checking '/home/ubuntu/Documents/uvic/kraken-nano/install/custom/bin'
[6.543s] INFO:colcon.colcon_core.shell:Creating package script '/home/ubuntu/Documents/uvic/kraken-nano/install/custom/share/custom/package.ps1'
[6.553s] INFO:colcon.colcon_core.shell:Creating package descriptor '/home/ubuntu/Documents/uvic/kraken-nano/install/custom/share/custom/package.dsv'
[6.559s] INFO:colcon.colcon_core.shell:Creating package script '/home/ubuntu/Documents/uvic/kraken-nano/install/custom/share/custom/package.sh'
[6.573s] INFO:colcon.colcon_core.shell:Creating package script '/home/ubuntu/Documents/uvic/kraken-nano/install/custom/share/custom/package.bash'
[6.577s] INFO:colcon.colcon_core.shell:Creating package script '/home/ubuntu/Documents/uvic/kraken-nano/install/custom/share/custom/package.zsh'
[6.583s] Level 1:colcon.colcon_core.environment:create_file_with_runtime_dependencies(/home/ubuntu/Documents/uvic/kraken-nano/install/custom/share/colcon-core/packages/custom)
[6.628s] DEBUG:colcon.colcon_parallel_executor.executor.parallel:closing loop
[6.632s] DEBUG:colcon.colcon_parallel_executor.executor.parallel:loop closed
[6.633s] DEBUG:colcon.colcon_parallel_executor.executor.parallel:run_until_complete finished with '1'
[6.633s] DEBUG:colcon.colcon_core.event_reactor:joining thread
[6.682s] INFO:colcon.colcon_core.plugin_system:Skipping extension 'colcon_notification.desktop_notification.terminal_notifier': Not used on non-Darwin systems
[6.683s] INFO:colcon.colcon_core.plugin_system:Skipping extension 'colcon_notification.desktop_notification.win32': Not used on non-Windows systems
[6.683s] INFO:colcon.colcon_notification.desktop_notification:Sending desktop notification using 'notify2'
[6.931s] DEBUG:colcon.colcon_core.event_reactor:joined thread
[6.931s] INFO:colcon.colcon_core.shell:Creating prefix script '/home/ubuntu/Documents/uvic/kraken-nano/install/local_setup.ps1'
[6.954s] INFO:colcon.colcon_core.shell:Creating prefix util module '/home/ubuntu/Documents/uvic/kraken-nano/install/_local_setup_util_ps1.py'
[6.985s] INFO:colcon.colcon_core.shell:Creating prefix chain script '/home/ubuntu/Documents/uvic/kraken-nano/install/setup.ps1'
[6.998s] INFO:colcon.colcon_core.shell:Creating prefix script '/home/ubuntu/Documents/uvic/kraken-nano/install/local_setup.sh'
[7.002s] INFO:colcon.colcon_core.shell:Creating prefix util module '/home/ubuntu/Documents/uvic/kraken-nano/install/_local_setup_util_sh.py'
[7.003s] INFO:colcon.colcon_core.shell:Creating prefix chain script '/home/ubuntu/Documents/uvic/kraken-nano/install/setup.sh'
[7.007s] INFO:colcon.colcon_core.shell:Creating prefix script '/home/ubuntu/Documents/uvic/kraken-nano/install/local_setup.bash'
[7.013s] INFO:colcon.colcon_core.shell:Creating prefix chain script '/home/ubuntu/Documents/uvic/kraken-nano/install/setup.bash'
[7.021s] INFO:colcon.colcon_core.shell:Creating prefix script '/home/ubuntu/Documents/uvic/kraken-nano/install/local_setup.zsh'
[7.027s] INFO:colcon.colcon_core.shell:Creating prefix chain script '/home/ubuntu/Documents/uvic/kraken-nano/install/setup.zsh'
