running egg_info
creating ../build/kraken/kraken.egg-info
writing ../build/kraken/kraken.egg-info/PKG-INFO
writing dependency_links to ../build/kraken/kraken.egg-info/dependency_links.txt
writing entry points to ../build/kraken/kraken.egg-info/entry_points.txt
writing requirements to ../build/kraken/kraken.egg-info/requires.txt
writing top-level names to ../build/kraken/kraken.egg-info/top_level.txt
writing manifest file '../build/kraken/kraken.egg-info/SOURCES.txt'
reading manifest file '../build/kraken/kraken.egg-info/SOURCES.txt'
adding license file 'LICENSE'
writing manifest file '../build/kraken/kraken.egg-info/SOURCES.txt'
running build
running build_py
creating /home/vboxuser/kraken-nano/ROS/ws/src/build/kraken/build
creating /home/vboxuser/kraken-nano/ROS/ws/src/build/kraken/build/lib
creating /home/vboxuser/kraken-nano/ROS/ws/src/build/kraken/build/lib/kraken
copying kraken/__init__.py -> /home/vboxuser/kraken-nano/ROS/ws/src/build/kraken/build/lib/kraken
running install
running install_lib
creating /home/vboxuser/kraken-nano/ROS/ws/src/install/kraken/lib/python3.10/site-packages/kraken
copying /home/vboxuser/kraken-nano/ROS/ws/src/build/kraken/build/lib/kraken/__init__.py -> /home/vboxuser/kraken-nano/ROS/ws/src/install/kraken/lib/python3.10/site-packages/kraken
byte-compiling /home/vboxuser/kraken-nano/ROS/ws/src/install/kraken/lib/python3.10/site-packages/kraken/__init__.py to __init__.cpython-310.pyc
running install_data
creating /home/vboxuser/kraken-nano/ROS/ws/src/install/kraken/share/ament_index
creating /home/vboxuser/kraken-nano/ROS/ws/src/install/kraken/share/ament_index/resource_index
creating /home/vboxuser/kraken-nano/ROS/ws/src/install/kraken/share/ament_index/resource_index/packages
copying resource/kraken -> /home/vboxuser/kraken-nano/ROS/ws/src/install/kraken/share/ament_index/resource_index/packages
copying package.xml -> /home/vboxuser/kraken-nano/ROS/ws/src/install/kraken/share/kraken
running install_egg_info
Copying ../build/kraken/kraken.egg-info to /home/vboxuser/kraken-nano/ROS/ws/src/install/kraken/lib/python3.10/site-packages/kraken-0.0.0-py3.10.egg-info
running install_scripts
writing list of installed files to '/home/vboxuser/kraken-nano/ROS/ws/src/build/kraken/install.log'
