-- Found ament_cmake: 1.3.11 (/opt/ros/humble/share/ament_cmake/cmake)
-- Found Python3: /usr/bin/python3 (found version "3.10.12") found components: Interpreter 
-- Found ament_lint_auto: 0.12.12 (/opt/ros/humble/share/ament_lint_auto/cmake)
-- Found rosidl_default_generators: 1.2.0 (/opt/ros/humble/share/rosidl_default_generators/cmake)
-- Using all available rosidl_typesupport_c: rosidl_typesupport_fastrtps_c;rosidl_typesupport_introspection_c
-- Found rosidl_adapter: 3.1.6 (/opt/ros/humble/share/rosidl_adapter/cmake)
-- Using all available rosidl_typesupport_cpp: rosidl_typesupport_fastrtps_cpp;rosidl_typesupport_introspection_cpp
-- Found ament_cmake_ros: 0.10.0 (/opt/ros/humble/share/ament_cmake_ros/cmake)
-- Using all available rosidl_typesupport_c: rosidl_typesupport_fastrtps_c;rosidl_typesupport_introspection_c
-- Using all available rosidl_typesupport_cpp: rosidl_typesupport_fastrtps_cpp;rosidl_typesupport_introspection_cpp
-- Found PythonInterp: /usr/bin/python3 (found suitable version "3.10.12", minimum required is "3.6") 
-- Found python_cmake_module: 0.10.0 (/opt/ros/humble/share/python_cmake_module/cmake)
-- Found PythonLibs: /usr/lib/x86_64-linux-gnu/libpython3.10.so (found suitable version "3.10.12", minimum required is "3.5") 
-- Using PYTHON_EXECUTABLE: /usr/bin/python3
-- Using PYTHON_INCLUDE_DIRS: /usr/include/python3.10
-- Using PYTHON_LIBRARIES: /usr/lib/x86_64-linux-gnu/libpython3.10.so
-- Found PythonExtra: .so  
-- Added test 'lint_cmake' to check CMake code style
-- Added test 'xmllint' to check XML markup files
-- Configuring done
-- Generating done
-- Build files have been written to: /home/ubuntu/Documents/uvic/kraken-nano/build/custom
[  3%] [34m[1mGenerating C code for ROS interfaces[0m
[  6%] [34m[1mGenerating C++ code for ROS interfaces[0m
[  6%] Built target ament_cmake_python_copy_custom
running egg_info
creating custom.egg-info
writing custom.egg-info/PKG-INFO
writing dependency_links to custom.egg-info/dependency_links.txt
writing top-level names to custom.egg-info/top_level.txt
writing manifest file 'custom.egg-info/SOURCES.txt'
reading manifest file 'custom.egg-info/SOURCES.txt'
writing manifest file 'custom.egg-info/SOURCES.txt'
[  6%] Built target ament_cmake_python_build_custom_egg
[  6%] Built target custom__cpp
[  9%] [32mBuilding C object CMakeFiles/custom__rosidl_generator_c.dir/rosidl_generator_c/custom/msg/detail/task__functions.c.o[0m
[ 12%] [34m[1mGenerating C++ type support for eProsima Fast-RTPS[0m
[ 16%] [34m[1mGenerating C++ type support dispatch for ROS interfaces[0m
[ 19%] [34m[1mGenerating C++ introspection for ROS interfaces[0m
[ 22%] [32m[1mLinking C shared library libcustom__rosidl_generator_c.so[0m
[ 25%] [32mBuilding CXX object CMakeFiles/custom__rosidl_typesupport_cpp.dir/rosidl_typesupport_cpp/custom/msg/task__type_support.cpp.o[0m
[ 25%] Built target custom__rosidl_generator_c
[ 29%] [32mBuilding CXX object CMakeFiles/custom__rosidl_typesupport_introspection_cpp.dir/rosidl_typesupport_introspection_cpp/custom/msg/detail/task__type_support.cpp.o[0m
[ 32%] [34m[1mGenerating C type support dispatch for ROS interfaces[0m
[ 35%] [34m[1mGenerating C type support for eProsima Fast-RTPS[0m
[ 38%] [34m[1mGenerating C introspection for ROS interfaces[0m
[ 41%] [32mBuilding CXX object CMakeFiles/custom__rosidl_typesupport_fastrtps_cpp.dir/rosidl_typesupport_fastrtps_cpp/custom/msg/detail/dds_fastrtps/task__type_support.cpp.o[0m
[ 45%] [32mBuilding CXX object CMakeFiles/custom__rosidl_typesupport_c.dir/rosidl_typesupport_c/custom/msg/task__type_support.cpp.o[0m
[ 48%] [32m[1mLinking CXX shared library libcustom__rosidl_typesupport_c.so[0m
[ 51%] [32mBuilding CXX object CMakeFiles/custom__rosidl_typesupport_fastrtps_c.dir/rosidl_typesupport_fastrtps_c/custom/msg/detail/task__type_support_c.cpp.o[0m
[ 54%] [32mBuilding C object CMakeFiles/custom__rosidl_typesupport_introspection_c.dir/rosidl_typesupport_introspection_c/custom/msg/detail/task__type_support.c.o[0m
[ 58%] [32m[1mLinking CXX shared library libcustom__rosidl_typesupport_cpp.so[0m
[ 58%] Built target custom__rosidl_typesupport_c
[ 61%] [32m[1mLinking C shared library libcustom__rosidl_typesupport_introspection_c.so[0m
[ 61%] Built target custom__rosidl_typesupport_cpp
[ 61%] Built target custom__rosidl_typesupport_introspection_c
[ 64%] [32m[1mLinking CXX shared library libcustom__rosidl_typesupport_fastrtps_cpp.so[0m
[ 67%] [32m[1mLinking CXX shared library libcustom__rosidl_typesupport_introspection_cpp.so[0m
[ 67%] Built target custom__rosidl_typesupport_introspection_cpp
[ 67%] Built target custom__rosidl_typesupport_fastrtps_cpp
[ 70%] [32m[1mLinking CXX shared library libcustom__rosidl_typesupport_fastrtps_c.so[0m
[ 70%] Built target custom__rosidl_typesupport_fastrtps_c
[ 70%] Built target custom
[ 74%] [34m[1mGenerating Python code for ROS interfaces[0m
[ 74%] Built target custom__py
[ 77%] [32mBuilding C object CMakeFiles/custom__rosidl_generator_py.dir/rosidl_generator_py/custom/msg/_task_s.c.o[0m
[ 80%] [32m[1mLinking C shared library rosidl_generator_py/custom/libcustom__rosidl_generator_py.so[0m
[ 80%] Built target custom__rosidl_generator_py
[ 83%] [32mBuilding C object CMakeFiles/custom__rosidl_typesupport_fastrtps_c__pyext.dir/rosidl_generator_py/custom/_custom_s.ep.rosidl_typesupport_fastrtps_c.c.o[0m
[ 87%] [32m[1mLinking C shared library rosidl_generator_py/custom/custom_s__rosidl_typesupport_fastrtps_c.cpython-310-x86_64-linux-gnu.so[0m
[ 87%] Built target custom__rosidl_typesupport_fastrtps_c__pyext
[ 90%] [32mBuilding C object CMakeFiles/custom__rosidl_typesupport_c__pyext.dir/rosidl_generator_py/custom/_custom_s.ep.rosidl_typesupport_c.c.o[0m
[ 93%] [32m[1mLinking C shared library rosidl_generator_py/custom/custom_s__rosidl_typesupport_c.cpython-310-x86_64-linux-gnu.so[0m
[ 93%] Built target custom__rosidl_typesupport_c__pyext
[ 96%] [32mBuilding C object CMakeFiles/custom__rosidl_typesupport_introspection_c__pyext.dir/rosidl_generator_py/custom/_custom_s.ep.rosidl_typesupport_introspection_c.c.o[0m
[100%] [32m[1mLinking C shared library rosidl_generator_py/custom/custom_s__rosidl_typesupport_introspection_c.cpython-310-x86_64-linux-gnu.so[0m
[100%] Built target custom__rosidl_typesupport_introspection_c__pyext
-- Install configuration: ""
-- Installing: /home/ubuntu/Documents/uvic/kraken-nano/install/custom/share/ament_index/resource_index/rosidl_interfaces/custom
-- Installing: /home/ubuntu/Documents/uvic/kraken-nano/install/custom/include/custom/custom
-- Installing: /home/ubuntu/Documents/uvic/kraken-nano/install/custom/include/custom/custom/msg
-- Installing: /home/ubuntu/Documents/uvic/kraken-nano/install/custom/include/custom/custom/msg/rosidl_generator_c__visibility_control.h
-- Installing: /home/ubuntu/Documents/uvic/kraken-nano/install/custom/include/custom/custom/msg/task.h
-- Installing: /home/ubuntu/Documents/uvic/kraken-nano/install/custom/include/custom/custom/msg/detail
-- Installing: /home/ubuntu/Documents/uvic/kraken-nano/install/custom/include/custom/custom/msg/detail/task__functions.c
-- Installing: /home/ubuntu/Documents/uvic/kraken-nano/install/custom/include/custom/custom/msg/detail/task__functions.h
-- Installing: /home/ubuntu/Documents/uvic/kraken-nano/install/custom/include/custom/custom/msg/detail/task__struct.h
-- Installing: /home/ubuntu/Documents/uvic/kraken-nano/install/custom/include/custom/custom/msg/detail/task__type_support.h
-- Installing: /home/ubuntu/Documents/uvic/kraken-nano/install/custom/share/custom/environment/library_path.sh
-- Installing: /home/ubuntu/Documents/uvic/kraken-nano/install/custom/share/custom/environment/library_path.dsv
-- Installing: /home/ubuntu/Documents/uvic/kraken-nano/install/custom/lib/libcustom__rosidl_generator_c.so
-- Set runtime path of "/home/ubuntu/Documents/uvic/kraken-nano/install/custom/lib/libcustom__rosidl_generator_c.so" to ""
-- Up-to-date: /home/ubuntu/Documents/uvic/kraken-nano/install/custom/include/custom/custom
-- Up-to-date: /home/ubuntu/Documents/uvic/kraken-nano/install/custom/include/custom/custom/msg
-- Installing: /home/ubuntu/Documents/uvic/kraken-nano/install/custom/include/custom/custom/msg/rosidl_typesupport_fastrtps_c__visibility_control.h
-- Up-to-date: /home/ubuntu/Documents/uvic/kraken-nano/install/custom/include/custom/custom/msg/detail
-- Installing: /home/ubuntu/Documents/uvic/kraken-nano/install/custom/include/custom/custom/msg/detail/task__rosidl_typesupport_fastrtps_c.h
-- Installing: /home/ubuntu/Documents/uvic/kraken-nano/install/custom/lib/libcustom__rosidl_typesupport_fastrtps_c.so
-- Set runtime path of "/home/ubuntu/Documents/uvic/kraken-nano/install/custom/lib/libcustom__rosidl_typesupport_fastrtps_c.so" to ""
-- Up-to-date: /home/ubuntu/Documents/uvic/kraken-nano/install/custom/include/custom/custom
-- Up-to-date: /home/ubuntu/Documents/uvic/kraken-nano/install/custom/include/custom/custom/msg
-- Installing: /home/ubuntu/Documents/uvic/kraken-nano/install/custom/include/custom/custom/msg/rosidl_typesupport_introspection_c__visibility_control.h
-- Up-to-date: /home/ubuntu/Documents/uvic/kraken-nano/install/custom/include/custom/custom/msg/detail
-- Installing: /home/ubuntu/Documents/uvic/kraken-nano/install/custom/include/custom/custom/msg/detail/task__rosidl_typesupport_introspection_c.h
-- Installing: /home/ubuntu/Documents/uvic/kraken-nano/install/custom/include/custom/custom/msg/detail/task__type_support.c
-- Installing: /home/ubuntu/Documents/uvic/kraken-nano/install/custom/lib/libcustom__rosidl_typesupport_introspection_c.so
-- Set runtime path of "/home/ubuntu/Documents/uvic/kraken-nano/install/custom/lib/libcustom__rosidl_typesupport_introspection_c.so" to ""
-- Installing: /home/ubuntu/Documents/uvic/kraken-nano/install/custom/lib/libcustom__rosidl_typesupport_c.so
-- Set runtime path of "/home/ubuntu/Documents/uvic/kraken-nano/install/custom/lib/libcustom__rosidl_typesupport_c.so" to ""
-- Up-to-date: /home/ubuntu/Documents/uvic/kraken-nano/install/custom/include/custom/custom
-- Up-to-date: /home/ubuntu/Documents/uvic/kraken-nano/install/custom/include/custom/custom/msg
-- Installing: /home/ubuntu/Documents/uvic/kraken-nano/install/custom/include/custom/custom/msg/rosidl_generator_cpp__visibility_control.hpp
-- Installing: /home/ubuntu/Documents/uvic/kraken-nano/install/custom/include/custom/custom/msg/task.hpp
-- Up-to-date: /home/ubuntu/Documents/uvic/kraken-nano/install/custom/include/custom/custom/msg/detail
-- Installing: /home/ubuntu/Documents/uvic/kraken-nano/install/custom/include/custom/custom/msg/detail/task__builder.hpp
-- Installing: /home/ubuntu/Documents/uvic/kraken-nano/install/custom/include/custom/custom/msg/detail/task__struct.hpp
-- Installing: /home/ubuntu/Documents/uvic/kraken-nano/install/custom/include/custom/custom/msg/detail/task__type_support.hpp
-- Installing: /home/ubuntu/Documents/uvic/kraken-nano/install/custom/include/custom/custom/msg/detail/task__traits.hpp
-- Up-to-date: /home/ubuntu/Documents/uvic/kraken-nano/install/custom/include/custom/custom
-- Up-to-date: /home/ubuntu/Documents/uvic/kraken-nano/install/custom/include/custom/custom/msg
-- Installing: /home/ubuntu/Documents/uvic/kraken-nano/install/custom/include/custom/custom/msg/rosidl_typesupport_fastrtps_cpp__visibility_control.h
-- Up-to-date: /home/ubuntu/Documents/uvic/kraken-nano/install/custom/include/custom/custom/msg/detail
-- Installing: /home/ubuntu/Documents/uvic/kraken-nano/install/custom/include/custom/custom/msg/detail/dds_fastrtps
-- Installing: /home/ubuntu/Documents/uvic/kraken-nano/install/custom/include/custom/custom/msg/detail/task__rosidl_typesupport_fastrtps_cpp.hpp
-- Installing: /home/ubuntu/Documents/uvic/kraken-nano/install/custom/lib/libcustom__rosidl_typesupport_fastrtps_cpp.so
-- Set runtime path of "/home/ubuntu/Documents/uvic/kraken-nano/install/custom/lib/libcustom__rosidl_typesupport_fastrtps_cpp.so" to ""
-- Up-to-date: /home/ubuntu/Documents/uvic/kraken-nano/install/custom/include/custom/custom
-- Up-to-date: /home/ubuntu/Documents/uvic/kraken-nano/install/custom/include/custom/custom/msg
-- Up-to-date: /home/ubuntu/Documents/uvic/kraken-nano/install/custom/include/custom/custom/msg/detail
-- Installing: /home/ubuntu/Documents/uvic/kraken-nano/install/custom/include/custom/custom/msg/detail/task__rosidl_typesupport_introspection_cpp.hpp
-- Installing: /home/ubuntu/Documents/uvic/kraken-nano/install/custom/include/custom/custom/msg/detail/task__type_support.cpp
-- Installing: /home/ubuntu/Documents/uvic/kraken-nano/install/custom/lib/libcustom__rosidl_typesupport_introspection_cpp.so
-- Set runtime path of "/home/ubuntu/Documents/uvic/kraken-nano/install/custom/lib/libcustom__rosidl_typesupport_introspection_cpp.so" to ""
-- Installing: /home/ubuntu/Documents/uvic/kraken-nano/install/custom/lib/libcustom__rosidl_typesupport_cpp.so
-- Set runtime path of "/home/ubuntu/Documents/uvic/kraken-nano/install/custom/lib/libcustom__rosidl_typesupport_cpp.so" to ""
-- Installing: /home/ubuntu/Documents/uvic/kraken-nano/install/custom/share/custom/environment/pythonpath.sh
-- Installing: /home/ubuntu/Documents/uvic/kraken-nano/install/custom/share/custom/environment/pythonpath.dsv
-- Installing: /home/ubuntu/Documents/uvic/kraken-nano/install/custom/local/lib/python3.10/dist-packages/custom-0.0.0-py3.10.egg-info
-- Installing: /home/ubuntu/Documents/uvic/kraken-nano/install/custom/local/lib/python3.10/dist-packages/custom-0.0.0-py3.10.egg-info/top_level.txt
-- Installing: /home/ubuntu/Documents/uvic/kraken-nano/install/custom/local/lib/python3.10/dist-packages/custom-0.0.0-py3.10.egg-info/SOURCES.txt
-- Installing: /home/ubuntu/Documents/uvic/kraken-nano/install/custom/local/lib/python3.10/dist-packages/custom-0.0.0-py3.10.egg-info/dependency_links.txt
-- Installing: /home/ubuntu/Documents/uvic/kraken-nano/install/custom/local/lib/python3.10/dist-packages/custom-0.0.0-py3.10.egg-info/PKG-INFO
-- Installing: /home/ubuntu/Documents/uvic/kraken-nano/install/custom/local/lib/python3.10/dist-packages/custom
-- Installing: /home/ubuntu/Documents/uvic/kraken-nano/install/custom/local/lib/python3.10/dist-packages/custom/_custom_s.ep.rosidl_typesupport_fastrtps_c.c
-- Installing: /home/ubuntu/Documents/uvic/kraken-nano/install/custom/local/lib/python3.10/dist-packages/custom/libcustom__rosidl_generator_py.so
-- Installing: /home/ubuntu/Documents/uvic/kraken-nano/install/custom/local/lib/python3.10/dist-packages/custom/__init__.py
-- Installing: /home/ubuntu/Documents/uvic/kraken-nano/install/custom/local/lib/python3.10/dist-packages/custom/custom_s__rosidl_typesupport_c.cpython-310-x86_64-linux-gnu.so
-- Installing: /home/ubuntu/Documents/uvic/kraken-nano/install/custom/local/lib/python3.10/dist-packages/custom/custom_s__rosidl_typesupport_fastrtps_c.cpython-310-x86_64-linux-gnu.so
-- Installing: /home/ubuntu/Documents/uvic/kraken-nano/install/custom/local/lib/python3.10/dist-packages/custom/_custom_s.ep.rosidl_typesupport_introspection_c.c
-- Installing: /home/ubuntu/Documents/uvic/kraken-nano/install/custom/local/lib/python3.10/dist-packages/custom/custom_s__rosidl_typesupport_introspection_c.cpython-310-x86_64-linux-gnu.so
-- Installing: /home/ubuntu/Documents/uvic/kraken-nano/install/custom/local/lib/python3.10/dist-packages/custom/_custom_s.ep.rosidl_typesupport_c.c
-- Installing: /home/ubuntu/Documents/uvic/kraken-nano/install/custom/local/lib/python3.10/dist-packages/custom/msg
-- Installing: /home/ubuntu/Documents/uvic/kraken-nano/install/custom/local/lib/python3.10/dist-packages/custom/msg/__init__.py
-- Installing: /home/ubuntu/Documents/uvic/kraken-nano/install/custom/local/lib/python3.10/dist-packages/custom/msg/_task_s.c
-- Installing: /home/ubuntu/Documents/uvic/kraken-nano/install/custom/local/lib/python3.10/dist-packages/custom/msg/_task.py
Listing '/home/ubuntu/Documents/uvic/kraken-nano/install/custom/local/lib/python3.10/dist-packages/custom'...
Compiling '/home/ubuntu/Documents/uvic/kraken-nano/install/custom/local/lib/python3.10/dist-packages/custom/__init__.py'...
Listing '/home/ubuntu/Documents/uvic/kraken-nano/install/custom/local/lib/python3.10/dist-packages/custom/msg'...
Compiling '/home/ubuntu/Documents/uvic/kraken-nano/install/custom/local/lib/python3.10/dist-packages/custom/msg/__init__.py'...
Compiling '/home/ubuntu/Documents/uvic/kraken-nano/install/custom/local/lib/python3.10/dist-packages/custom/msg/_task.py'...
-- Installing: /home/ubuntu/Documents/uvic/kraken-nano/install/custom/local/lib/python3.10/dist-packages/custom/custom_s__rosidl_typesupport_fastrtps_c.cpython-310-x86_64-linux-gnu.so
-- Set runtime path of "/home/ubuntu/Documents/uvic/kraken-nano/install/custom/local/lib/python3.10/dist-packages/custom/custom_s__rosidl_typesupport_fastrtps_c.cpython-310-x86_64-linux-gnu.so" to ""
-- Installing: /home/ubuntu/Documents/uvic/kraken-nano/install/custom/local/lib/python3.10/dist-packages/custom/custom_s__rosidl_typesupport_introspection_c.cpython-310-x86_64-linux-gnu.so
-- Set runtime path of "/home/ubuntu/Documents/uvic/kraken-nano/install/custom/local/lib/python3.10/dist-packages/custom/custom_s__rosidl_typesupport_introspection_c.cpython-310-x86_64-linux-gnu.so" to ""
-- Installing: /home/ubuntu/Documents/uvic/kraken-nano/install/custom/local/lib/python3.10/dist-packages/custom/custom_s__rosidl_typesupport_c.cpython-310-x86_64-linux-gnu.so
-- Set runtime path of "/home/ubuntu/Documents/uvic/kraken-nano/install/custom/local/lib/python3.10/dist-packages/custom/custom_s__rosidl_typesupport_c.cpython-310-x86_64-linux-gnu.so" to ""
-- Installing: /home/ubuntu/Documents/uvic/kraken-nano/install/custom/lib/libcustom__rosidl_generator_py.so
-- Set runtime path of "/home/ubuntu/Documents/uvic/kraken-nano/install/custom/lib/libcustom__rosidl_generator_py.so" to ""
-- Installing: /home/ubuntu/Documents/uvic/kraken-nano/install/custom/share/custom/msg/Task.idl
-- Installing: /home/ubuntu/Documents/uvic/kraken-nano/install/custom/share/custom/msg/Task.msg
-- Installing: /home/ubuntu/Documents/uvic/kraken-nano/install/custom/share/ament_index/resource_index/package_run_dependencies/custom
-- Installing: /home/ubuntu/Documents/uvic/kraken-nano/install/custom/share/ament_index/resource_index/parent_prefix_path/custom
-- Installing: /home/ubuntu/Documents/uvic/kraken-nano/install/custom/share/custom/environment/ament_prefix_path.sh
-- Installing: /home/ubuntu/Documents/uvic/kraken-nano/install/custom/share/custom/environment/ament_prefix_path.dsv
-- Installing: /home/ubuntu/Documents/uvic/kraken-nano/install/custom/share/custom/environment/path.sh
-- Installing: /home/ubuntu/Documents/uvic/kraken-nano/install/custom/share/custom/environment/path.dsv
-- Installing: /home/ubuntu/Documents/uvic/kraken-nano/install/custom/share/custom/local_setup.bash
-- Installing: /home/ubuntu/Documents/uvic/kraken-nano/install/custom/share/custom/local_setup.sh
-- Installing: /home/ubuntu/Documents/uvic/kraken-nano/install/custom/share/custom/local_setup.zsh
-- Installing: /home/ubuntu/Documents/uvic/kraken-nano/install/custom/share/custom/local_setup.dsv
-- Installing: /home/ubuntu/Documents/uvic/kraken-nano/install/custom/share/custom/package.dsv
-- Installing: /home/ubuntu/Documents/uvic/kraken-nano/install/custom/share/ament_index/resource_index/packages/custom
-- Installing: /home/ubuntu/Documents/uvic/kraken-nano/install/custom/share/custom/cmake/export_custom__rosidl_generator_cExport.cmake
-- Installing: /home/ubuntu/Documents/uvic/kraken-nano/install/custom/share/custom/cmake/export_custom__rosidl_generator_cExport-noconfig.cmake
-- Installing: /home/ubuntu/Documents/uvic/kraken-nano/install/custom/share/custom/cmake/export_custom__rosidl_typesupport_fastrtps_cExport.cmake
-- Installing: /home/ubuntu/Documents/uvic/kraken-nano/install/custom/share/custom/cmake/export_custom__rosidl_typesupport_fastrtps_cExport-noconfig.cmake
-- Installing: /home/ubuntu/Documents/uvic/kraken-nano/install/custom/share/custom/cmake/custom__rosidl_typesupport_introspection_cExport.cmake
-- Installing: /home/ubuntu/Documents/uvic/kraken-nano/install/custom/share/custom/cmake/custom__rosidl_typesupport_introspection_cExport-noconfig.cmake
-- Installing: /home/ubuntu/Documents/uvic/kraken-nano/install/custom/share/custom/cmake/custom__rosidl_typesupport_cExport.cmake
-- Installing: /home/ubuntu/Documents/uvic/kraken-nano/install/custom/share/custom/cmake/custom__rosidl_typesupport_cExport-noconfig.cmake
-- Installing: /home/ubuntu/Documents/uvic/kraken-nano/install/custom/share/custom/cmake/export_custom__rosidl_generator_cppExport.cmake
-- Installing: /home/ubuntu/Documents/uvic/kraken-nano/install/custom/share/custom/cmake/export_custom__rosidl_typesupport_fastrtps_cppExport.cmake
-- Installing: /home/ubuntu/Documents/uvic/kraken-nano/install/custom/share/custom/cmake/export_custom__rosidl_typesupport_fastrtps_cppExport-noconfig.cmake
-- Installing: /home/ubuntu/Documents/uvic/kraken-nano/install/custom/share/custom/cmake/custom__rosidl_typesupport_introspection_cppExport.cmake
-- Installing: /home/ubuntu/Documents/uvic/kraken-nano/install/custom/share/custom/cmake/custom__rosidl_typesupport_introspection_cppExport-noconfig.cmake
-- Installing: /home/ubuntu/Documents/uvic/kraken-nano/install/custom/share/custom/cmake/custom__rosidl_typesupport_cppExport.cmake
-- Installing: /home/ubuntu/Documents/uvic/kraken-nano/install/custom/share/custom/cmake/custom__rosidl_typesupport_cppExport-noconfig.cmake
-- Installing: /home/ubuntu/Documents/uvic/kraken-nano/install/custom/share/custom/cmake/export_custom__rosidl_generator_pyExport.cmake
-- Installing: /home/ubuntu/Documents/uvic/kraken-nano/install/custom/share/custom/cmake/export_custom__rosidl_generator_pyExport-noconfig.cmake
-- Installing: /home/ubuntu/Documents/uvic/kraken-nano/install/custom/share/custom/cmake/rosidl_cmake-extras.cmake
-- Installing: /home/ubuntu/Documents/uvic/kraken-nano/install/custom/share/custom/cmake/ament_cmake_export_include_directories-extras.cmake
-- Installing: /home/ubuntu/Documents/uvic/kraken-nano/install/custom/share/custom/cmake/ament_cmake_export_libraries-extras.cmake
-- Installing: /home/ubuntu/Documents/uvic/kraken-nano/install/custom/share/custom/cmake/ament_cmake_export_targets-extras.cmake
-- Installing: /home/ubuntu/Documents/uvic/kraken-nano/install/custom/share/custom/cmake/rosidl_cmake_export_typesupport_targets-extras.cmake
-- Installing: /home/ubuntu/Documents/uvic/kraken-nano/install/custom/share/custom/cmake/ament_cmake_export_dependencies-extras.cmake
-- Installing: /home/ubuntu/Documents/uvic/kraken-nano/install/custom/share/custom/cmake/rosidl_cmake_export_typesupport_libraries-extras.cmake
-- Installing: /home/ubuntu/Documents/uvic/kraken-nano/install/custom/share/custom/cmake/customConfig.cmake
-- Installing: /home/ubuntu/Documents/uvic/kraken-nano/install/custom/share/custom/cmake/customConfig-version.cmake
-- Installing: /home/ubuntu/Documents/uvic/kraken-nano/install/custom/share/custom/package.xml
