[0.692s] Invoking command in '/home/vboxuser/kraken-nano/ROS/ws/src/kraken': PYTHONPATH=/home/vboxuser/kraken-nano/ROS/ws/src/build/kraken/prefix_override:/usr/lib/python3/dist-packages/colcon_core/task/python/colcon_distutils_commands:/home/vboxuser/kraken-nano/ROS/ws/src/install/kraken/lib/python3.10/site-packages:${PYTHONPATH} /usr/bin/python3 -W ignore:setup.py install is deprecated -W ignore:easy_install command is deprecated setup.py egg_info --egg-base ../build/kraken build --build-base /home/vboxuser/kraken-nano/ROS/ws/src/build/kraken/build install --record /home/vboxuser/kraken-nano/ROS/ws/src/build/kraken/install.log --single-version-externally-managed install_data
[0.940s] running egg_info
[0.942s] writing ../build/kraken/kraken.egg-info/PKG-INFO
[0.942s] writing dependency_links to ../build/kraken/kraken.egg-info/dependency_links.txt
[0.942s] writing entry points to ../build/kraken/kraken.egg-info/entry_points.txt
[0.942s] writing requirements to ../build/kraken/kraken.egg-info/requires.txt
[0.942s] writing top-level names to ../build/kraken/kraken.egg-info/top_level.txt
[0.953s] reading manifest file '../build/kraken/kraken.egg-info/SOURCES.txt'
[0.953s] adding license file 'LICENSE'
[0.954s] writing manifest file '../build/kraken/kraken.egg-info/SOURCES.txt'
[0.954s] running build
[0.954s] running build_py
[0.954s] copying kraken/state_estimator.py -> /home/vboxuser/kraken-nano/ROS/ws/src/build/kraken/build/lib/kraken
[0.954s] copying kraken/controller.py -> /home/vboxuser/kraken-nano/ROS/ws/src/build/kraken/build/lib/kraken
[0.954s] copying kraken/planner.py -> /home/vboxuser/kraken-nano/ROS/ws/src/build/kraken/build/lib/kraken
[0.954s] copying kraken/computer_vision.py -> /home/vboxuser/kraken-nano/ROS/ws/src/build/kraken/build/lib/kraken
[0.954s] running install
[0.954s] running install_lib
[0.956s] copying /home/vboxuser/kraken-nano/ROS/ws/src/build/kraken/build/lib/kraken/state_estimator.py -> /home/vboxuser/kraken-nano/ROS/ws/src/install/kraken/lib/python3.10/site-packages/kraken
[0.956s] copying /home/vboxuser/kraken-nano/ROS/ws/src/build/kraken/build/lib/kraken/controller.py -> /home/vboxuser/kraken-nano/ROS/ws/src/install/kraken/lib/python3.10/site-packages/kraken
[0.956s] copying /home/vboxuser/kraken-nano/ROS/ws/src/build/kraken/build/lib/kraken/planner.py -> /home/vboxuser/kraken-nano/ROS/ws/src/install/kraken/lib/python3.10/site-packages/kraken
[0.956s] copying /home/vboxuser/kraken-nano/ROS/ws/src/build/kraken/build/lib/kraken/computer_vision.py -> /home/vboxuser/kraken-nano/ROS/ws/src/install/kraken/lib/python3.10/site-packages/kraken
[0.957s] byte-compiling /home/vboxuser/kraken-nano/ROS/ws/src/install/kraken/lib/python3.10/site-packages/kraken/state_estimator.py to state_estimator.cpython-310.pyc
[0.957s] byte-compiling /home/vboxuser/kraken-nano/ROS/ws/src/install/kraken/lib/python3.10/site-packages/kraken/controller.py to controller.cpython-310.pyc
[0.957s] byte-compiling /home/vboxuser/kraken-nano/ROS/ws/src/install/kraken/lib/python3.10/site-packages/kraken/planner.py to planner.cpython-310.pyc
[0.958s] byte-compiling /home/vboxuser/kraken-nano/ROS/ws/src/install/kraken/lib/python3.10/site-packages/kraken/computer_vision.py to computer_vision.cpython-310.pyc
[0.958s] running install_data
[0.958s] running install_egg_info
[0.960s] removing '/home/vboxuser/kraken-nano/ROS/ws/src/install/kraken/lib/python3.10/site-packages/kraken-0.0.0-py3.10.egg-info' (and everything under it)
[0.960s] Copying ../build/kraken/kraken.egg-info to /home/vboxuser/kraken-nano/ROS/ws/src/install/kraken/lib/python3.10/site-packages/kraken-0.0.0-py3.10.egg-info
[0.961s] running install_scripts
[0.982s] Installing computer_vision script to /home/vboxuser/kraken-nano/ROS/ws/src/install/kraken/lib/kraken
[0.982s] Installing controller script to /home/vboxuser/kraken-nano/ROS/ws/src/install/kraken/lib/kraken
[0.983s] Installing planner script to /home/vboxuser/kraken-nano/ROS/ws/src/install/kraken/lib/kraken
[0.983s] Installing state_estimator script to /home/vboxuser/kraken-nano/ROS/ws/src/install/kraken/lib/kraken
[0.983s] writing list of installed files to '/home/vboxuser/kraken-nano/ROS/ws/src/build/kraken/install.log'
[1.008s] Invoked command in '/home/vboxuser/kraken-nano/ROS/ws/src/kraken' returned '0': PYTHONPATH=/home/vboxuser/kraken-nano/ROS/ws/src/build/kraken/prefix_override:/usr/lib/python3/dist-packages/colcon_core/task/python/colcon_distutils_commands:/home/vboxuser/kraken-nano/ROS/ws/src/install/kraken/lib/python3.10/site-packages:${PYTHONPATH} /usr/bin/python3 -W ignore:setup.py install is deprecated -W ignore:easy_install command is deprecated setup.py egg_info --egg-base ../build/kraken build --build-base /home/vboxuser/kraken-nano/ROS/ws/src/build/kraken/build install --record /home/vboxuser/kraken-nano/ROS/ws/src/build/kraken/install.log --single-version-externally-managed install_data
