running egg_info
creating ../../../../build/kraken/kraken.egg-info
writing ../../../../build/kraken/kraken.egg-info/PKG-INFO
writing dependency_links to ../../../../build/kraken/kraken.egg-info/dependency_links.txt
writing entry points to ../../../../build/kraken/kraken.egg-info/entry_points.txt
writing requirements to ../../../../build/kraken/kraken.egg-info/requires.txt
writing top-level names to ../../../../build/kraken/kraken.egg-info/top_level.txt
writing manifest file '../../../../build/kraken/kraken.egg-info/SOURCES.txt'
reading manifest file '../../../../build/kraken/kraken.egg-info/SOURCES.txt'
adding license file 'LICENSE'
writing manifest file '../../../../build/kraken/kraken.egg-info/SOURCES.txt'
running build
running build_py
creating /home/ubuntu/Documents/uvic/kraken-nano/build/kraken/build
creating /home/ubuntu/Documents/uvic/kraken-nano/build/kraken/build/lib
creating /home/ubuntu/Documents/uvic/kraken-nano/build/kraken/build/lib/kraken
copying kraken/__init__.py -> /home/ubuntu/Documents/uvic/kraken-nano/build/kraken/build/lib/kraken
copying kraken/controller.py -> /home/ubuntu/Documents/uvic/kraken-nano/build/kraken/build/lib/kraken
copying kraken/planner.py -> /home/ubuntu/Documents/uvic/kraken-nano/build/kraken/build/lib/kraken
copying kraken/state_estimator.py -> /home/ubuntu/Documents/uvic/kraken-nano/build/kraken/build/lib/kraken
copying kraken/computer_vision.py -> /home/ubuntu/Documents/uvic/kraken-nano/build/kraken/build/lib/kraken
running install
running install_lib
creating /home/ubuntu/Documents/uvic/kraken-nano/install/kraken/lib/python3.10/site-packages/kraken
copying /home/ubuntu/Documents/uvic/kraken-nano/build/kraken/build/lib/kraken/__init__.py -> /home/ubuntu/Documents/uvic/kraken-nano/install/kraken/lib/python3.10/site-packages/kraken
copying /home/ubuntu/Documents/uvic/kraken-nano/build/kraken/build/lib/kraken/controller.py -> /home/ubuntu/Documents/uvic/kraken-nano/install/kraken/lib/python3.10/site-packages/kraken
copying /home/ubuntu/Documents/uvic/kraken-nano/build/kraken/build/lib/kraken/planner.py -> /home/ubuntu/Documents/uvic/kraken-nano/install/kraken/lib/python3.10/site-packages/kraken
copying /home/ubuntu/Documents/uvic/kraken-nano/build/kraken/build/lib/kraken/state_estimator.py -> /home/ubuntu/Documents/uvic/kraken-nano/install/kraken/lib/python3.10/site-packages/kraken
copying /home/ubuntu/Documents/uvic/kraken-nano/build/kraken/build/lib/kraken/computer_vision.py -> /home/ubuntu/Documents/uvic/kraken-nano/install/kraken/lib/python3.10/site-packages/kraken
byte-compiling /home/ubuntu/Documents/uvic/kraken-nano/install/kraken/lib/python3.10/site-packages/kraken/__init__.py to __init__.cpython-310.pyc
byte-compiling /home/ubuntu/Documents/uvic/kraken-nano/install/kraken/lib/python3.10/site-packages/kraken/controller.py to controller.cpython-310.pyc
byte-compiling /home/ubuntu/Documents/uvic/kraken-nano/install/kraken/lib/python3.10/site-packages/kraken/planner.py to planner.cpython-310.pyc
byte-compiling /home/ubuntu/Documents/uvic/kraken-nano/install/kraken/lib/python3.10/site-packages/kraken/state_estimator.py to state_estimator.cpython-310.pyc
byte-compiling /home/ubuntu/Documents/uvic/kraken-nano/install/kraken/lib/python3.10/site-packages/kraken/computer_vision.py to computer_vision.cpython-310.pyc
running install_data
creating /home/ubuntu/Documents/uvic/kraken-nano/install/kraken/share/ament_index
creating /home/ubuntu/Documents/uvic/kraken-nano/install/kraken/share/ament_index/resource_index
creating /home/ubuntu/Documents/uvic/kraken-nano/install/kraken/share/ament_index/resource_index/packages
copying resource/kraken -> /home/ubuntu/Documents/uvic/kraken-nano/install/kraken/share/ament_index/resource_index/packages
copying package.xml -> /home/ubuntu/Documents/uvic/kraken-nano/install/kraken/share/kraken
creating /home/ubuntu/Documents/uvic/kraken-nano/install/kraken/share/kraken/launch
copying launch/kraken.launch.py -> /home/ubuntu/Documents/uvic/kraken-nano/install/kraken/share/kraken/launch
running install_egg_info
Copying ../../../../build/kraken/kraken.egg-info to /home/ubuntu/Documents/uvic/kraken-nano/install/kraken/lib/python3.10/site-packages/kraken-0.0.0-py3.10.egg-info
running install_scripts
Installing computer_vision script to /home/ubuntu/Documents/uvic/kraken-nano/install/kraken/lib/kraken
Installing controller script to /home/ubuntu/Documents/uvic/kraken-nano/install/kraken/lib/kraken
Installing planner script to /home/ubuntu/Documents/uvic/kraken-nano/install/kraken/lib/kraken
Installing state_estimator script to /home/ubuntu/Documents/uvic/kraken-nano/install/kraken/lib/kraken
writing list of installed files to '/home/ubuntu/Documents/uvic/kraken-nano/build/kraken/install.log'
