[2.990s] Invoking command in '/home/ubuntu/Documents/uvic/kraken-nano/ROS/ws/src/kraken': AMENT_PREFIX_PATH=/home/ubuntu/Documents/uvic/kraken-nano/install/custom:${AMENT_PREFIX_PATH} CMAKE_PREFIX_PATH=/home/ubuntu/Documents/uvic/kraken-nano/install/custom LD_LIBRARY_PATH=/home/ubuntu/Documents/uvic/kraken-nano/install/custom/lib:${LD_LIBRARY_PATH} PYTHONPATH=/home/ubuntu/Documents/uvic/kraken-nano/build/kraken/prefix_override:/home/ubuntu/.local/lib/python3.10/site-packages/colcon_core/task/python/colcon_distutils_commands:/home/ubuntu/Documents/uvic/kraken-nano/install/kraken/lib/python3.10/site-packages:/home/ubuntu/Documents/uvic/kraken-nano/install/custom/local/lib/python3.10/dist-packages:${PYTHONPATH} /usr/bin/python3 -W ignore:setup.py install is deprecated -W ignore:easy_install command is deprecated setup.py egg_info --egg-base ../../../../build/kraken build --build-base /home/ubuntu/Documents/uvic/kraken-nano/build/kraken/build install --record /home/ubuntu/Documents/uvic/kraken-nano/build/kraken/install.log --single-version-externally-managed install_data
[3.739s] running egg_info
[3.740s] creating ../../../../build/kraken/kraken.egg-info
[3.743s] writing ../../../../build/kraken/kraken.egg-info/PKG-INFO
[3.743s] writing dependency_links to ../../../../build/kraken/kraken.egg-info/dependency_links.txt
[3.743s] writing entry points to ../../../../build/kraken/kraken.egg-info/entry_points.txt
[3.748s] writing requirements to ../../../../build/kraken/kraken.egg-info/requires.txt
[3.749s] writing top-level names to ../../../../build/kraken/kraken.egg-info/top_level.txt
[3.749s] writing manifest file '../../../../build/kraken/kraken.egg-info/SOURCES.txt'
[3.755s] reading manifest file '../../../../build/kraken/kraken.egg-info/SOURCES.txt'
[3.755s] adding license file 'LICENSE'
[3.755s] writing manifest file '../../../../build/kraken/kraken.egg-info/SOURCES.txt'
[3.756s] running build
[3.756s] running build_py
[3.756s] creating /home/ubuntu/Documents/uvic/kraken-nano/build/kraken/build
[3.757s] creating /home/ubuntu/Documents/uvic/kraken-nano/build/kraken/build/lib
[3.757s] creating /home/ubuntu/Documents/uvic/kraken-nano/build/kraken/build/lib/kraken
[3.758s] copying kraken/__init__.py -> /home/ubuntu/Documents/uvic/kraken-nano/build/kraken/build/lib/kraken
[3.758s] copying kraken/controller.py -> /home/ubuntu/Documents/uvic/kraken-nano/build/kraken/build/lib/kraken
[3.759s] copying kraken/planner.py -> /home/ubuntu/Documents/uvic/kraken-nano/build/kraken/build/lib/kraken
[3.759s] copying kraken/state_estimator.py -> /home/ubuntu/Documents/uvic/kraken-nano/build/kraken/build/lib/kraken
[3.778s] copying kraken/computer_vision.py -> /home/ubuntu/Documents/uvic/kraken-nano/build/kraken/build/lib/kraken
[3.783s] running install
[3.783s] running install_lib
[3.785s] creating /home/ubuntu/Documents/uvic/kraken-nano/install/kraken/lib/python3.10/site-packages/kraken
[3.785s] copying /home/ubuntu/Documents/uvic/kraken-nano/build/kraken/build/lib/kraken/__init__.py -> /home/ubuntu/Documents/uvic/kraken-nano/install/kraken/lib/python3.10/site-packages/kraken
[3.785s] copying /home/ubuntu/Documents/uvic/kraken-nano/build/kraken/build/lib/kraken/controller.py -> /home/ubuntu/Documents/uvic/kraken-nano/install/kraken/lib/python3.10/site-packages/kraken
[3.785s] copying /home/ubuntu/Documents/uvic/kraken-nano/build/kraken/build/lib/kraken/planner.py -> /home/ubuntu/Documents/uvic/kraken-nano/install/kraken/lib/python3.10/site-packages/kraken
[3.786s] copying /home/ubuntu/Documents/uvic/kraken-nano/build/kraken/build/lib/kraken/state_estimator.py -> /home/ubuntu/Documents/uvic/kraken-nano/install/kraken/lib/python3.10/site-packages/kraken
[3.786s] copying /home/ubuntu/Documents/uvic/kraken-nano/build/kraken/build/lib/kraken/computer_vision.py -> /home/ubuntu/Documents/uvic/kraken-nano/install/kraken/lib/python3.10/site-packages/kraken
[3.788s] byte-compiling /home/ubuntu/Documents/uvic/kraken-nano/install/kraken/lib/python3.10/site-packages/kraken/__init__.py to __init__.cpython-310.pyc
[3.789s] byte-compiling /home/ubuntu/Documents/uvic/kraken-nano/install/kraken/lib/python3.10/site-packages/kraken/controller.py to controller.cpython-310.pyc
[3.805s] byte-compiling /home/ubuntu/Documents/uvic/kraken-nano/install/kraken/lib/python3.10/site-packages/kraken/planner.py to planner.cpython-310.pyc
[3.806s] byte-compiling /home/ubuntu/Documents/uvic/kraken-nano/install/kraken/lib/python3.10/site-packages/kraken/state_estimator.py to state_estimator.cpython-310.pyc
[3.806s] byte-compiling /home/ubuntu/Documents/uvic/kraken-nano/install/kraken/lib/python3.10/site-packages/kraken/computer_vision.py to computer_vision.cpython-310.pyc
[3.806s] running install_data
[3.806s] creating /home/ubuntu/Documents/uvic/kraken-nano/install/kraken/share/ament_index
[3.812s] creating /home/ubuntu/Documents/uvic/kraken-nano/install/kraken/share/ament_index/resource_index
[3.812s] creating /home/ubuntu/Documents/uvic/kraken-nano/install/kraken/share/ament_index/resource_index/packages
[3.812s] copying resource/kraken -> /home/ubuntu/Documents/uvic/kraken-nano/install/kraken/share/ament_index/resource_index/packages
[3.815s] copying package.xml -> /home/ubuntu/Documents/uvic/kraken-nano/install/kraken/share/kraken
[3.836s] creating /home/ubuntu/Documents/uvic/kraken-nano/install/kraken/share/kraken/launch
[3.844s] copying launch/kraken.launch.py -> /home/ubuntu/Documents/uvic/kraken-nano/install/kraken/share/kraken/launch
[3.844s] running install_egg_info
[3.845s] Copying ../../../../build/kraken/kraken.egg-info to /home/ubuntu/Documents/uvic/kraken-nano/install/kraken/lib/python3.10/site-packages/kraken-0.0.0-py3.10.egg-info
[3.867s] running install_scripts
[3.945s] Installing computer_vision script to /home/ubuntu/Documents/uvic/kraken-nano/install/kraken/lib/kraken
[3.948s] Installing controller script to /home/ubuntu/Documents/uvic/kraken-nano/install/kraken/lib/kraken
[3.948s] Installing planner script to /home/ubuntu/Documents/uvic/kraken-nano/install/kraken/lib/kraken
[3.949s] Installing state_estimator script to /home/ubuntu/Documents/uvic/kraken-nano/install/kraken/lib/kraken
[3.949s] writing list of installed files to '/home/ubuntu/Documents/uvic/kraken-nano/build/kraken/install.log'
[4.271s] Invoked command in '/home/ubuntu/Documents/uvic/kraken-nano/ROS/ws/src/kraken' returned '0': AMENT_PREFIX_PATH=/home/ubuntu/Documents/uvic/kraken-nano/install/custom:${AMENT_PREFIX_PATH} CMAKE_PREFIX_PATH=/home/ubuntu/Documents/uvic/kraken-nano/install/custom LD_LIBRARY_PATH=/home/ubuntu/Documents/uvic/kraken-nano/install/custom/lib:${LD_LIBRARY_PATH} PYTHONPATH=/home/ubuntu/Documents/uvic/kraken-nano/build/kraken/prefix_override:/home/ubuntu/.local/lib/python3.10/site-packages/colcon_core/task/python/colcon_distutils_commands:/home/ubuntu/Documents/uvic/kraken-nano/install/kraken/lib/python3.10/site-packages:/home/ubuntu/Documents/uvic/kraken-nano/install/custom/local/lib/python3.10/dist-packages:${PYTHONPATH} /usr/bin/python3 -W ignore:setup.py install is deprecated -W ignore:easy_install command is deprecated setup.py egg_info --egg-base ../../../../build/kraken build --build-base /home/ubuntu/Documents/uvic/kraken-nano/build/kraken/build install --record /home/ubuntu/Documents/uvic/kraken-nano/build/kraken/install.log --single-version-externally-managed install_data
