[0.242s] DEBUG:colcon:Command line arguments: ['/home/ubuntu/.local/bin/colcon', 'build']
[0.242s] DEBUG:colcon:Parsed command line arguments: Namespace(log_base=None, log_level=None, verb_name='build', build_base='build', install_base='install', merge_install=False, symlink_install=False, test_result_base=None, continue_on_error=False, executor='parallel', parallel_workers=7, event_handlers=None, ignore_user_meta=False, metas=['./colcon.meta'], base_paths=['.'], packages_ignore=None, packages_ignore_regex=None, paths=None, packages_up_to=None, packages_up_to_regex=None, packages_above=None, packages_above_and_dependencies=None, packages_above_depth=None, packages_select_by_dep=None, packages_skip_by_dep=None, packages_skip_up_to=None, packages_select_build_failed=False, packages_skip_build_finished=False, packages_select_test_failures=False, packages_skip_test_passed=False, packages_select=None, packages_skip=None, packages_select_regex=None, packages_skip_regex=None, packages_start=None, packages_end=None, cmake_args=None, cmake_target=None, cmake_target_skip_unavailable=False, cmake_clean_cache=False, cmake_clean_first=False, cmake_force_configure=False, ament_cmake_args=None, catkin_cmake_args=None, catkin_skip_building_tests=False, verb_parser=<colcon_defaults.argument_parser.defaults.DefaultArgumentsDecorator object at 0x7eeae9626bf0>, verb_extension=<colcon_core.verb.build.BuildVerb object at 0x7eeae96267a0>, main=<bound method BuildVerb.main of <colcon_core.verb.build.BuildVerb object at 0x7eeae96267a0>>)
[0.747s] Level 1:colcon.colcon_core.package_discovery:discover_packages(colcon_meta) check parameters
[0.748s] Level 1:colcon.colcon_core.package_discovery:discover_packages(recursive) check parameters
[0.748s] Level 1:colcon.colcon_core.package_discovery:discover_packages(ignore) check parameters
[0.748s] Level 1:colcon.colcon_core.package_discovery:discover_packages(path) check parameters
[0.748s] Level 1:colcon.colcon_core.package_discovery:discover_packages(colcon_meta) discover
[0.749s] Level 1:colcon.colcon_core.package_discovery:discover_packages(recursive) discover
[0.749s] INFO:colcon.colcon_core.package_discovery:Crawling recursively for packages in '/home/ubuntu/Documents/uvic/kraken-nano'
[0.749s] Level 1:colcon.colcon_core.package_identification:_identify(.) by extensions ['ignore', 'ignore_ament_install']
[0.749s] Level 1:colcon.colcon_core.package_identification:_identify(.) by extension 'ignore'
[0.750s] Level 1:colcon.colcon_core.package_identification:_identify(.) by extension 'ignore_ament_install'
[0.750s] Level 1:colcon.colcon_core.package_identification:_identify(.) by extensions ['colcon_pkg']
[0.750s] Level 1:colcon.colcon_core.package_identification:_identify(.) by extension 'colcon_pkg'
[0.750s] Level 1:colcon.colcon_core.package_identification:_identify(.) by extensions ['colcon_meta']
[0.750s] Level 1:colcon.colcon_core.package_identification:_identify(.) by extension 'colcon_meta'
[0.750s] Level 1:colcon.colcon_core.package_identification:_identify(.) by extensions ['ros']
[0.750s] Level 1:colcon.colcon_core.package_identification:_identify(.) by extension 'ros'
[0.770s] Level 1:colcon.colcon_core.package_identification:_identify(.) by extensions ['cmake', 'python']
[0.771s] Level 1:colcon.colcon_core.package_identification:_identify(.) by extension 'cmake'
[0.771s] Level 1:colcon.colcon_core.package_identification:_identify(.) by extension 'python'
[0.771s] Level 1:colcon.colcon_core.package_identification:_identify(.) by extensions ['python_setup_py']
[0.771s] Level 1:colcon.colcon_core.package_identification:_identify(.) by extension 'python_setup_py'
[0.772s] Level 1:colcon.colcon_core.package_identification:_identify(ROS) by extensions ['ignore', 'ignore_ament_install']
[0.772s] Level 1:colcon.colcon_core.package_identification:_identify(ROS) by extension 'ignore'
[0.772s] Level 1:colcon.colcon_core.package_identification:_identify(ROS) by extension 'ignore_ament_install'
[0.772s] Level 1:colcon.colcon_core.package_identification:_identify(ROS) by extensions ['colcon_pkg']
[0.772s] Level 1:colcon.colcon_core.package_identification:_identify(ROS) by extension 'colcon_pkg'
[0.772s] Level 1:colcon.colcon_core.package_identification:_identify(ROS) by extensions ['colcon_meta']
[0.772s] Level 1:colcon.colcon_core.package_identification:_identify(ROS) by extension 'colcon_meta'
[0.772s] Level 1:colcon.colcon_core.package_identification:_identify(ROS) by extensions ['ros']
[0.772s] Level 1:colcon.colcon_core.package_identification:_identify(ROS) by extension 'ros'
[0.773s] Level 1:colcon.colcon_core.package_identification:_identify(ROS) by extensions ['cmake', 'python']
[0.773s] Level 1:colcon.colcon_core.package_identification:_identify(ROS) by extension 'cmake'
[0.773s] Level 1:colcon.colcon_core.package_identification:_identify(ROS) by extension 'python'
[0.773s] Level 1:colcon.colcon_core.package_identification:_identify(ROS) by extensions ['python_setup_py']
[0.773s] Level 1:colcon.colcon_core.package_identification:_identify(ROS) by extension 'python_setup_py'
[0.773s] Level 1:colcon.colcon_core.package_identification:_identify(ROS/ws) by extensions ['ignore', 'ignore_ament_install']
[0.773s] Level 1:colcon.colcon_core.package_identification:_identify(ROS/ws) by extension 'ignore'
[0.773s] Level 1:colcon.colcon_core.package_identification:_identify(ROS/ws) by extension 'ignore_ament_install'
[0.774s] Level 1:colcon.colcon_core.package_identification:_identify(ROS/ws) by extensions ['colcon_pkg']
[0.774s] Level 1:colcon.colcon_core.package_identification:_identify(ROS/ws) by extension 'colcon_pkg'
[0.774s] Level 1:colcon.colcon_core.package_identification:_identify(ROS/ws) by extensions ['colcon_meta']
[0.774s] Level 1:colcon.colcon_core.package_identification:_identify(ROS/ws) by extension 'colcon_meta'
[0.774s] Level 1:colcon.colcon_core.package_identification:_identify(ROS/ws) by extensions ['ros']
[0.774s] Level 1:colcon.colcon_core.package_identification:_identify(ROS/ws) by extension 'ros'
[0.774s] Level 1:colcon.colcon_core.package_identification:_identify(ROS/ws) by extensions ['cmake', 'python']
[0.774s] Level 1:colcon.colcon_core.package_identification:_identify(ROS/ws) by extension 'cmake'
[0.774s] Level 1:colcon.colcon_core.package_identification:_identify(ROS/ws) by extension 'python'
[0.774s] Level 1:colcon.colcon_core.package_identification:_identify(ROS/ws) by extensions ['python_setup_py']
[0.774s] Level 1:colcon.colcon_core.package_identification:_identify(ROS/ws) by extension 'python_setup_py'
[0.774s] Level 1:colcon.colcon_core.package_identification:_identify(ROS/ws/src) by extensions ['ignore', 'ignore_ament_install']
[0.774s] Level 1:colcon.colcon_core.package_identification:_identify(ROS/ws/src) by extension 'ignore'
[0.775s] Level 1:colcon.colcon_core.package_identification:_identify(ROS/ws/src) by extension 'ignore_ament_install'
[0.775s] Level 1:colcon.colcon_core.package_identification:_identify(ROS/ws/src) by extensions ['colcon_pkg']
[0.775s] Level 1:colcon.colcon_core.package_identification:_identify(ROS/ws/src) by extension 'colcon_pkg'
[0.775s] Level 1:colcon.colcon_core.package_identification:_identify(ROS/ws/src) by extensions ['colcon_meta']
[0.775s] Level 1:colcon.colcon_core.package_identification:_identify(ROS/ws/src) by extension 'colcon_meta'
[0.775s] Level 1:colcon.colcon_core.package_identification:_identify(ROS/ws/src) by extensions ['ros']
[0.775s] Level 1:colcon.colcon_core.package_identification:_identify(ROS/ws/src) by extension 'ros'
[0.775s] Level 1:colcon.colcon_core.package_identification:_identify(ROS/ws/src) by extensions ['cmake', 'python']
[0.775s] Level 1:colcon.colcon_core.package_identification:_identify(ROS/ws/src) by extension 'cmake'
[0.775s] Level 1:colcon.colcon_core.package_identification:_identify(ROS/ws/src) by extension 'python'
[0.775s] Level 1:colcon.colcon_core.package_identification:_identify(ROS/ws/src) by extensions ['python_setup_py']
[0.775s] Level 1:colcon.colcon_core.package_identification:_identify(ROS/ws/src) by extension 'python_setup_py'
[0.775s] Level 1:colcon.colcon_core.package_identification:_identify(ROS/ws/src/build) by extensions ['ignore', 'ignore_ament_install']
[0.775s] Level 1:colcon.colcon_core.package_identification:_identify(ROS/ws/src/build) by extension 'ignore'
[0.776s] Level 1:colcon.colcon_core.package_identification:_identify(ROS/ws/src/build) ignored
[0.776s] Level 1:colcon.colcon_core.package_identification:_identify(ROS/ws/src/custom) by extensions ['ignore', 'ignore_ament_install']
[0.776s] Level 1:colcon.colcon_core.package_identification:_identify(ROS/ws/src/custom) by extension 'ignore'
[0.776s] Level 1:colcon.colcon_core.package_identification:_identify(ROS/ws/src/custom) by extension 'ignore_ament_install'
[0.776s] Level 1:colcon.colcon_core.package_identification:_identify(ROS/ws/src/custom) by extensions ['colcon_pkg']
[0.776s] Level 1:colcon.colcon_core.package_identification:_identify(ROS/ws/src/custom) by extension 'colcon_pkg'
[0.776s] Level 1:colcon.colcon_core.package_identification:_identify(ROS/ws/src/custom) by extensions ['colcon_meta']
[0.776s] Level 1:colcon.colcon_core.package_identification:_identify(ROS/ws/src/custom) by extension 'colcon_meta'
[0.777s] Level 1:colcon.colcon_core.package_identification:_identify(ROS/ws/src/custom) by extensions ['ros']
[0.777s] Level 1:colcon.colcon_core.package_identification:_identify(ROS/ws/src/custom) by extension 'ros'
[0.781s] DEBUG:colcon.colcon_core.package_identification:Package 'ROS/ws/src/custom' with type 'ros.ament_cmake' and name 'custom'
[0.782s] Level 1:colcon.colcon_core.package_identification:_identify(ROS/ws/src/install) by extensions ['ignore', 'ignore_ament_install']
[0.782s] Level 1:colcon.colcon_core.package_identification:_identify(ROS/ws/src/install) by extension 'ignore'
[0.783s] Level 1:colcon.colcon_core.package_identification:_identify(ROS/ws/src/install) ignored
[0.783s] Level 1:colcon.colcon_core.package_identification:_identify(ROS/ws/src/kraken) by extensions ['ignore', 'ignore_ament_install']
[0.783s] Level 1:colcon.colcon_core.package_identification:_identify(ROS/ws/src/kraken) by extension 'ignore'
[0.783s] Level 1:colcon.colcon_core.package_identification:_identify(ROS/ws/src/kraken) by extension 'ignore_ament_install'
[0.783s] Level 1:colcon.colcon_core.package_identification:_identify(ROS/ws/src/kraken) by extensions ['colcon_pkg']
[0.783s] Level 1:colcon.colcon_core.package_identification:_identify(ROS/ws/src/kraken) by extension 'colcon_pkg'
[0.783s] Level 1:colcon.colcon_core.package_identification:_identify(ROS/ws/src/kraken) by extensions ['colcon_meta']
[0.783s] Level 1:colcon.colcon_core.package_identification:_identify(ROS/ws/src/kraken) by extension 'colcon_meta'
[0.783s] Level 1:colcon.colcon_core.package_identification:_identify(ROS/ws/src/kraken) by extensions ['ros']
[0.783s] Level 1:colcon.colcon_core.package_identification:_identify(ROS/ws/src/kraken) by extension 'ros'
[0.784s] DEBUG:colcon.colcon_core.package_identification:Package 'ROS/ws/src/kraken' with type 'ros.ament_python' and name 'kraken'
[0.785s] Level 1:colcon.colcon_core.package_identification:_identify(ROS/ws/src/log) by extensions ['ignore', 'ignore_ament_install']
[0.785s] Level 1:colcon.colcon_core.package_identification:_identify(ROS/ws/src/log) by extension 'ignore'
[0.785s] Level 1:colcon.colcon_core.package_identification:_identify(ROS/ws/src/log) ignored
[0.786s] Level 1:colcon.colcon_core.package_identification:_identify(build) by extensions ['ignore', 'ignore_ament_install']
[0.786s] Level 1:colcon.colcon_core.package_identification:_identify(build) by extension 'ignore'
[0.786s] Level 1:colcon.colcon_core.package_identification:_identify(build) ignored
[0.786s] Level 1:colcon.colcon_core.package_identification:_identify(install) by extensions ['ignore', 'ignore_ament_install']
[0.786s] Level 1:colcon.colcon_core.package_identification:_identify(install) by extension 'ignore'
[0.787s] Level 1:colcon.colcon_core.package_identification:_identify(install) ignored
[0.787s] Level 1:colcon.colcon_core.package_identification:_identify(log) by extensions ['ignore', 'ignore_ament_install']
[0.788s] Level 1:colcon.colcon_core.package_identification:_identify(log) by extension 'ignore'
[0.788s] Level 1:colcon.colcon_core.package_identification:_identify(log) ignored
[0.788s] Level 1:colcon.colcon_core.package_discovery:discover_packages(recursive) using defaults
[0.788s] Level 1:colcon.colcon_core.package_discovery:discover_packages(ignore) discover
[0.788s] Level 1:colcon.colcon_core.package_discovery:discover_packages(ignore) using defaults
[0.788s] Level 1:colcon.colcon_core.package_discovery:discover_packages(path) discover
[0.788s] Level 1:colcon.colcon_core.package_discovery:discover_packages(path) using defaults
[0.823s] Level 5:colcon.colcon_core.verb:set package 'custom' build argument 'cmake_args' from command line to 'None'
[0.823s] Level 5:colcon.colcon_core.verb:set package 'custom' build argument 'cmake_target' from command line to 'None'
[0.823s] Level 5:colcon.colcon_core.verb:set package 'custom' build argument 'cmake_target_skip_unavailable' from command line to 'False'
[0.823s] Level 5:colcon.colcon_core.verb:set package 'custom' build argument 'cmake_clean_cache' from command line to 'False'
[0.823s] Level 5:colcon.colcon_core.verb:set package 'custom' build argument 'cmake_clean_first' from command line to 'False'
[0.823s] Level 5:colcon.colcon_core.verb:set package 'custom' build argument 'cmake_force_configure' from command line to 'False'
[0.823s] Level 5:colcon.colcon_core.verb:set package 'custom' build argument 'ament_cmake_args' from command line to 'None'
[0.823s] Level 5:colcon.colcon_core.verb:set package 'custom' build argument 'catkin_cmake_args' from command line to 'None'
[0.823s] Level 5:colcon.colcon_core.verb:set package 'custom' build argument 'catkin_skip_building_tests' from command line to 'False'
[0.823s] DEBUG:colcon.colcon_core.verb:Building package 'custom' with the following arguments: {'ament_cmake_args': None, 'build_base': '/home/ubuntu/Documents/uvic/kraken-nano/build/custom', 'catkin_cmake_args': None, 'catkin_skip_building_tests': False, 'cmake_args': None, 'cmake_clean_cache': False, 'cmake_clean_first': False, 'cmake_force_configure': False, 'cmake_target': None, 'cmake_target_skip_unavailable': False, 'install_base': '/home/ubuntu/Documents/uvic/kraken-nano/install/custom', 'merge_install': False, 'path': '/home/ubuntu/Documents/uvic/kraken-nano/ROS/ws/src/custom', 'symlink_install': False, 'test_result_base': None}
[0.824s] Level 5:colcon.colcon_core.verb:set package 'kraken' build argument 'cmake_args' from command line to 'None'
[0.824s] Level 5:colcon.colcon_core.verb:set package 'kraken' build argument 'cmake_target' from command line to 'None'
[0.824s] Level 5:colcon.colcon_core.verb:set package 'kraken' build argument 'cmake_target_skip_unavailable' from command line to 'False'
[0.824s] Level 5:colcon.colcon_core.verb:set package 'kraken' build argument 'cmake_clean_cache' from command line to 'False'
[0.824s] Level 5:colcon.colcon_core.verb:set package 'kraken' build argument 'cmake_clean_first' from command line to 'False'
[0.824s] Level 5:colcon.colcon_core.verb:set package 'kraken' build argument 'cmake_force_configure' from command line to 'False'
[0.824s] Level 5:colcon.colcon_core.verb:set package 'kraken' build argument 'ament_cmake_args' from command line to 'None'
[0.825s] Level 5:colcon.colcon_core.verb:set package 'kraken' build argument 'catkin_cmake_args' from command line to 'None'
[0.825s] Level 5:colcon.colcon_core.verb:set package 'kraken' build argument 'catkin_skip_building_tests' from command line to 'False'
[0.825s] DEBUG:colcon.colcon_core.verb:Building package 'kraken' with the following arguments: {'ament_cmake_args': None, 'build_base': '/home/ubuntu/Documents/uvic/kraken-nano/build/kraken', 'catkin_cmake_args': None, 'catkin_skip_building_tests': False, 'cmake_args': None, 'cmake_clean_cache': False, 'cmake_clean_first': False, 'cmake_force_configure': False, 'cmake_target': None, 'cmake_target_skip_unavailable': False, 'install_base': '/home/ubuntu/Documents/uvic/kraken-nano/install/kraken', 'merge_install': False, 'path': '/home/ubuntu/Documents/uvic/kraken-nano/ROS/ws/src/kraken', 'symlink_install': False, 'test_result_base': None}
[0.826s] INFO:colcon.colcon_core.executor:Executing jobs using 'parallel' executor
[0.831s] DEBUG:colcon.colcon_parallel_executor.executor.parallel:run_until_complete
[0.831s] INFO:colcon.colcon_ros.task.ament_cmake.build:Building ROS package in '/home/ubuntu/Documents/uvic/kraken-nano/ROS/ws/src/custom' with build type 'ament_cmake'
[0.832s] INFO:colcon.colcon_cmake.task.cmake.build:Building CMake package in '/home/ubuntu/Documents/uvic/kraken-nano/ROS/ws/src/custom'
[0.837s] INFO:colcon.colcon_core.plugin_system:Skipping extension 'colcon_core.shell.bat': Not used on non-Windows systems
[0.837s] INFO:colcon.colcon_core.shell:Skip shell extension 'powershell' for command environment: Not usable outside of PowerShell
[0.838s] DEBUG:colcon.colcon_core.shell:Skip shell extension 'dsv' for command environment
[0.890s] DEBUG:colcon.colcon_core.event_handler.log_command:Invoking command in '/home/ubuntu/Documents/uvic/kraken-nano/build/custom': CMAKE_PREFIX_PATH=/opt/ros/humble /usr/bin/cmake /home/ubuntu/Documents/uvic/kraken-nano/ROS/ws/src/custom -DCMAKE_INSTALL_PREFIX=/home/ubuntu/Documents/uvic/kraken-nano/install/custom
[9.094s] DEBUG:colcon.colcon_core.event_handler.log_command:Invoked command in '/home/ubuntu/Documents/uvic/kraken-nano/build/custom' returned '0': CMAKE_PREFIX_PATH=/opt/ros/humble /usr/bin/cmake /home/ubuntu/Documents/uvic/kraken-nano/ROS/ws/src/custom -DCMAKE_INSTALL_PREFIX=/home/ubuntu/Documents/uvic/kraken-nano/install/custom
[9.095s] DEBUG:colcon.colcon_core.event_handler.log_command:Invoking command in '/home/ubuntu/Documents/uvic/kraken-nano/build/custom': CMAKE_PREFIX_PATH=/opt/ros/humble /usr/bin/cmake --build /home/ubuntu/Documents/uvic/kraken-nano/build/custom -- -j7 -l7
[21.564s] DEBUG:colcon.colcon_core.event_handler.log_command:Invoked command in '/home/ubuntu/Documents/uvic/kraken-nano/build/custom' returned '0': CMAKE_PREFIX_PATH=/opt/ros/humble /usr/bin/cmake --build /home/ubuntu/Documents/uvic/kraken-nano/build/custom -- -j7 -l7
[21.601s] DEBUG:colcon.colcon_core.event_handler.log_command:Invoking command in '/home/ubuntu/Documents/uvic/kraken-nano/build/custom': CMAKE_PREFIX_PATH=/opt/ros/humble /usr/bin/cmake --install /home/ubuntu/Documents/uvic/kraken-nano/build/custom
[21.877s] Level 1:colcon.colcon_core.environment:create_environment_scripts_only(custom)
[21.881s] Level 1:colcon.colcon_core.environment:checking '/home/ubuntu/Documents/uvic/kraken-nano/install/custom' for CMake module files
[21.882s] DEBUG:colcon.colcon_core.event_handler.log_command:Invoked command in '/home/ubuntu/Documents/uvic/kraken-nano/build/custom' returned '0': CMAKE_PREFIX_PATH=/opt/ros/humble /usr/bin/cmake --install /home/ubuntu/Documents/uvic/kraken-nano/build/custom
[21.883s] Level 1:colcon.colcon_core.environment:checking '/home/ubuntu/Documents/uvic/kraken-nano/install/custom' for CMake config files
[21.886s] Level 1:colcon.colcon_core.shell:create_environment_hook('custom', 'cmake_prefix_path')
[21.887s] INFO:colcon.colcon_core.shell:Creating environment hook '/home/ubuntu/Documents/uvic/kraken-nano/install/custom/share/custom/hook/cmake_prefix_path.ps1'
[21.901s] INFO:colcon.colcon_core.shell:Creating environment descriptor '/home/ubuntu/Documents/uvic/kraken-nano/install/custom/share/custom/hook/cmake_prefix_path.dsv'
[21.907s] INFO:colcon.colcon_core.shell:Creating environment hook '/home/ubuntu/Documents/uvic/kraken-nano/install/custom/share/custom/hook/cmake_prefix_path.sh'
[21.923s] Level 1:colcon.colcon_core.environment:checking '/home/ubuntu/Documents/uvic/kraken-nano/install/custom/lib'
[21.924s] Level 1:colcon.colcon_core.shell:create_environment_hook('custom', 'ld_library_path_lib')
[21.925s] INFO:colcon.colcon_core.shell:Creating environment hook '/home/ubuntu/Documents/uvic/kraken-nano/install/custom/share/custom/hook/ld_library_path_lib.ps1'
[21.926s] INFO:colcon.colcon_core.shell:Creating environment descriptor '/home/ubuntu/Documents/uvic/kraken-nano/install/custom/share/custom/hook/ld_library_path_lib.dsv'
[21.929s] INFO:colcon.colcon_core.shell:Creating environment hook '/home/ubuntu/Documents/uvic/kraken-nano/install/custom/share/custom/hook/ld_library_path_lib.sh'
[21.929s] Level 1:colcon.colcon_core.environment:checking '/home/ubuntu/Documents/uvic/kraken-nano/install/custom/bin'
[21.929s] Level 1:colcon.colcon_core.environment:checking '/home/ubuntu/Documents/uvic/kraken-nano/install/custom/lib/pkgconfig/custom.pc'
[21.932s] Level 1:colcon.colcon_core.environment:checking '/home/ubuntu/Documents/uvic/kraken-nano/install/custom/lib/python3.10/site-packages'
[21.933s] Level 1:colcon.colcon_core.environment:checking '/home/ubuntu/Documents/uvic/kraken-nano/install/custom/bin'
[21.933s] INFO:colcon.colcon_core.shell:Creating package script '/home/ubuntu/Documents/uvic/kraken-nano/install/custom/share/custom/package.ps1'
[21.951s] INFO:colcon.colcon_core.shell:Creating package descriptor '/home/ubuntu/Documents/uvic/kraken-nano/install/custom/share/custom/package.dsv'
[21.957s] INFO:colcon.colcon_core.shell:Creating package script '/home/ubuntu/Documents/uvic/kraken-nano/install/custom/share/custom/package.sh'
[21.962s] INFO:colcon.colcon_core.shell:Creating package script '/home/ubuntu/Documents/uvic/kraken-nano/install/custom/share/custom/package.bash'
[21.965s] INFO:colcon.colcon_core.shell:Creating package script '/home/ubuntu/Documents/uvic/kraken-nano/install/custom/share/custom/package.zsh'
[21.971s] Level 1:colcon.colcon_core.environment:create_file_with_runtime_dependencies(/home/ubuntu/Documents/uvic/kraken-nano/install/custom/share/colcon-core/packages/custom)
[21.973s] Level 1:colcon.colcon_core.environment:create_environment_scripts_only(custom)
[21.974s] Level 1:colcon.colcon_core.environment:checking '/home/ubuntu/Documents/uvic/kraken-nano/install/custom' for CMake module files
[21.975s] Level 1:colcon.colcon_core.environment:checking '/home/ubuntu/Documents/uvic/kraken-nano/install/custom' for CMake config files
[21.976s] Level 1:colcon.colcon_core.shell:create_environment_hook('custom', 'cmake_prefix_path')
[21.976s] INFO:colcon.colcon_core.shell:Creating environment hook '/home/ubuntu/Documents/uvic/kraken-nano/install/custom/share/custom/hook/cmake_prefix_path.ps1'
[21.977s] INFO:colcon.colcon_core.shell:Creating environment descriptor '/home/ubuntu/Documents/uvic/kraken-nano/install/custom/share/custom/hook/cmake_prefix_path.dsv'
[21.979s] INFO:colcon.colcon_core.shell:Creating environment hook '/home/ubuntu/Documents/uvic/kraken-nano/install/custom/share/custom/hook/cmake_prefix_path.sh'
[21.992s] Level 1:colcon.colcon_core.environment:checking '/home/ubuntu/Documents/uvic/kraken-nano/install/custom/lib'
[21.995s] Level 1:colcon.colcon_core.shell:create_environment_hook('custom', 'ld_library_path_lib')
[21.998s] INFO:colcon.colcon_core.shell:Creating environment hook '/home/ubuntu/Documents/uvic/kraken-nano/install/custom/share/custom/hook/ld_library_path_lib.ps1'
[22.011s] INFO:colcon.colcon_core.shell:Creating environment descriptor '/home/ubuntu/Documents/uvic/kraken-nano/install/custom/share/custom/hook/ld_library_path_lib.dsv'
[22.024s] INFO:colcon.colcon_core.shell:Creating environment hook '/home/ubuntu/Documents/uvic/kraken-nano/install/custom/share/custom/hook/ld_library_path_lib.sh'
[22.029s] Level 1:colcon.colcon_core.environment:checking '/home/ubuntu/Documents/uvic/kraken-nano/install/custom/bin'
[22.030s] Level 1:colcon.colcon_core.environment:checking '/home/ubuntu/Documents/uvic/kraken-nano/install/custom/lib/pkgconfig/custom.pc'
[22.031s] Level 1:colcon.colcon_core.environment:checking '/home/ubuntu/Documents/uvic/kraken-nano/install/custom/lib/python3.10/site-packages'
[22.031s] Level 1:colcon.colcon_core.environment:checking '/home/ubuntu/Documents/uvic/kraken-nano/install/custom/bin'
[22.032s] INFO:colcon.colcon_core.shell:Creating package script '/home/ubuntu/Documents/uvic/kraken-nano/install/custom/share/custom/package.ps1'
[22.038s] INFO:colcon.colcon_core.shell:Creating package descriptor '/home/ubuntu/Documents/uvic/kraken-nano/install/custom/share/custom/package.dsv'
[22.040s] INFO:colcon.colcon_core.shell:Creating package script '/home/ubuntu/Documents/uvic/kraken-nano/install/custom/share/custom/package.sh'
[22.043s] INFO:colcon.colcon_core.shell:Creating package script '/home/ubuntu/Documents/uvic/kraken-nano/install/custom/share/custom/package.bash'
[22.045s] INFO:colcon.colcon_core.shell:Creating package script '/home/ubuntu/Documents/uvic/kraken-nano/install/custom/share/custom/package.zsh'
[22.049s] Level 1:colcon.colcon_core.environment:create_file_with_runtime_dependencies(/home/ubuntu/Documents/uvic/kraken-nano/install/custom/share/colcon-core/packages/custom)
[22.064s] INFO:colcon.colcon_ros.task.ament_python.build:Building ROS package in '/home/ubuntu/Documents/uvic/kraken-nano/ROS/ws/src/kraken' with build type 'ament_python'
[22.064s] Level 1:colcon.colcon_core.shell:create_environment_hook('kraken', 'ament_prefix_path')
[22.065s] INFO:colcon.colcon_core.shell:Creating environment hook '/home/ubuntu/Documents/uvic/kraken-nano/install/kraken/share/kraken/hook/ament_prefix_path.ps1'
[22.066s] INFO:colcon.colcon_core.shell:Creating environment descriptor '/home/ubuntu/Documents/uvic/kraken-nano/install/kraken/share/kraken/hook/ament_prefix_path.dsv'
[22.067s] INFO:colcon.colcon_core.shell:Creating environment hook '/home/ubuntu/Documents/uvic/kraken-nano/install/kraken/share/kraken/hook/ament_prefix_path.sh'
[22.067s] INFO:colcon.colcon_core.shell:Skip shell extension 'powershell' for command environment: Not usable outside of PowerShell
[22.067s] DEBUG:colcon.colcon_core.shell:Skip shell extension 'dsv' for command environment
[23.102s] INFO:colcon.colcon_core.task.python.build:Building Python package in '/home/ubuntu/Documents/uvic/kraken-nano/ROS/ws/src/kraken'
[23.108s] INFO:colcon.colcon_core.shell:Skip shell extension 'powershell' for command environment: Not usable outside of PowerShell
[23.109s] DEBUG:colcon.colcon_core.shell:Skip shell extension 'dsv' for command environment
[25.061s] DEBUG:colcon.colcon_core.event_handler.log_command:Invoking command in '/home/ubuntu/Documents/uvic/kraken-nano/ROS/ws/src/kraken': AMENT_PREFIX_PATH=/home/ubuntu/Documents/uvic/kraken-nano/install/custom:${AMENT_PREFIX_PATH} CMAKE_PREFIX_PATH=/home/ubuntu/Documents/uvic/kraken-nano/install/custom LD_LIBRARY_PATH=/home/ubuntu/Documents/uvic/kraken-nano/install/custom/lib:${LD_LIBRARY_PATH} PYTHONPATH=/home/ubuntu/Documents/uvic/kraken-nano/build/kraken/prefix_override:/home/ubuntu/.local/lib/python3.10/site-packages/colcon_core/task/python/colcon_distutils_commands:/home/ubuntu/Documents/uvic/kraken-nano/install/kraken/lib/python3.10/site-packages:/home/ubuntu/Documents/uvic/kraken-nano/install/custom/local/lib/python3.10/dist-packages:${PYTHONPATH} /usr/bin/python3 -W ignore:setup.py install is deprecated -W ignore:easy_install command is deprecated setup.py egg_info --egg-base ../../../../build/kraken build --build-base /home/ubuntu/Documents/uvic/kraken-nano/build/kraken/build install --record /home/ubuntu/Documents/uvic/kraken-nano/build/kraken/install.log --single-version-externally-managed install_data
[26.335s] Level 1:colcon.colcon_core.environment:checking '/home/ubuntu/Documents/uvic/kraken-nano/install/kraken' for CMake module files
[26.342s] DEBUG:colcon.colcon_core.event_handler.log_command:Invoked command in '/home/ubuntu/Documents/uvic/kraken-nano/ROS/ws/src/kraken' returned '0': AMENT_PREFIX_PATH=/home/ubuntu/Documents/uvic/kraken-nano/install/custom:${AMENT_PREFIX_PATH} CMAKE_PREFIX_PATH=/home/ubuntu/Documents/uvic/kraken-nano/install/custom LD_LIBRARY_PATH=/home/ubuntu/Documents/uvic/kraken-nano/install/custom/lib:${LD_LIBRARY_PATH} PYTHONPATH=/home/ubuntu/Documents/uvic/kraken-nano/build/kraken/prefix_override:/home/ubuntu/.local/lib/python3.10/site-packages/colcon_core/task/python/colcon_distutils_commands:/home/ubuntu/Documents/uvic/kraken-nano/install/kraken/lib/python3.10/site-packages:/home/ubuntu/Documents/uvic/kraken-nano/install/custom/local/lib/python3.10/dist-packages:${PYTHONPATH} /usr/bin/python3 -W ignore:setup.py install is deprecated -W ignore:easy_install command is deprecated setup.py egg_info --egg-base ../../../../build/kraken build --build-base /home/ubuntu/Documents/uvic/kraken-nano/build/kraken/build install --record /home/ubuntu/Documents/uvic/kraken-nano/build/kraken/install.log --single-version-externally-managed install_data
[26.358s] Level 1:colcon.colcon_core.environment:checking '/home/ubuntu/Documents/uvic/kraken-nano/install/kraken' for CMake config files
[26.363s] Level 1:colcon.colcon_core.environment:checking '/home/ubuntu/Documents/uvic/kraken-nano/install/kraken/lib'
[26.363s] Level 1:colcon.colcon_core.environment:checking '/home/ubuntu/Documents/uvic/kraken-nano/install/kraken/bin'
[26.364s] Level 1:colcon.colcon_core.environment:checking '/home/ubuntu/Documents/uvic/kraken-nano/install/kraken/lib/pkgconfig/kraken.pc'
[26.364s] Level 1:colcon.colcon_core.environment:checking '/home/ubuntu/Documents/uvic/kraken-nano/install/kraken/lib/python3.10/site-packages'
[26.364s] Level 1:colcon.colcon_core.shell:create_environment_hook('kraken', 'pythonpath')
[26.364s] INFO:colcon.colcon_core.shell:Creating environment hook '/home/ubuntu/Documents/uvic/kraken-nano/install/kraken/share/kraken/hook/pythonpath.ps1'
[26.365s] INFO:colcon.colcon_core.shell:Creating environment descriptor '/home/ubuntu/Documents/uvic/kraken-nano/install/kraken/share/kraken/hook/pythonpath.dsv'
[26.366s] INFO:colcon.colcon_core.shell:Creating environment hook '/home/ubuntu/Documents/uvic/kraken-nano/install/kraken/share/kraken/hook/pythonpath.sh'
[26.368s] Level 1:colcon.colcon_core.environment:checking '/home/ubuntu/Documents/uvic/kraken-nano/install/kraken/bin'
[26.368s] Level 1:colcon.colcon_core.environment:create_environment_scripts_only(kraken)
[26.369s] INFO:colcon.colcon_core.shell:Creating package script '/home/ubuntu/Documents/uvic/kraken-nano/install/kraken/share/kraken/package.ps1'
[26.371s] INFO:colcon.colcon_core.shell:Creating package descriptor '/home/ubuntu/Documents/uvic/kraken-nano/install/kraken/share/kraken/package.dsv'
[26.371s] INFO:colcon.colcon_core.shell:Creating package script '/home/ubuntu/Documents/uvic/kraken-nano/install/kraken/share/kraken/package.sh'
[26.373s] INFO:colcon.colcon_core.shell:Creating package script '/home/ubuntu/Documents/uvic/kraken-nano/install/kraken/share/kraken/package.bash'
[26.374s] INFO:colcon.colcon_core.shell:Creating package script '/home/ubuntu/Documents/uvic/kraken-nano/install/kraken/share/kraken/package.zsh'
[26.374s] Level 1:colcon.colcon_core.environment:create_file_with_runtime_dependencies(/home/ubuntu/Documents/uvic/kraken-nano/install/kraken/share/colcon-core/packages/kraken)
[26.379s] DEBUG:colcon.colcon_parallel_executor.executor.parallel:closing loop
[26.380s] DEBUG:colcon.colcon_parallel_executor.executor.parallel:loop closed
[26.380s] DEBUG:colcon.colcon_parallel_executor.executor.parallel:run_until_complete finished with '0'
[26.380s] DEBUG:colcon.colcon_core.event_reactor:joining thread
[26.395s] INFO:colcon.colcon_core.plugin_system:Skipping extension 'colcon_notification.desktop_notification.terminal_notifier': Not used on non-Darwin systems
[26.395s] INFO:colcon.colcon_core.plugin_system:Skipping extension 'colcon_notification.desktop_notification.win32': Not used on non-Windows systems
[26.395s] INFO:colcon.colcon_notification.desktop_notification:Sending desktop notification using 'notify2'
[26.484s] DEBUG:colcon.colcon_core.event_reactor:joined thread
[26.486s] INFO:colcon.colcon_core.shell:Creating prefix script '/home/ubuntu/Documents/uvic/kraken-nano/install/local_setup.ps1'
[26.488s] INFO:colcon.colcon_core.shell:Creating prefix util module '/home/ubuntu/Documents/uvic/kraken-nano/install/_local_setup_util_ps1.py'
[26.490s] INFO:colcon.colcon_core.shell:Creating prefix chain script '/home/ubuntu/Documents/uvic/kraken-nano/install/setup.ps1'
[26.493s] INFO:colcon.colcon_core.shell:Creating prefix script '/home/ubuntu/Documents/uvic/kraken-nano/install/local_setup.sh'
[26.546s] INFO:colcon.colcon_core.shell:Creating prefix util module '/home/ubuntu/Documents/uvic/kraken-nano/install/_local_setup_util_sh.py'
[26.554s] INFO:colcon.colcon_core.shell:Creating prefix chain script '/home/ubuntu/Documents/uvic/kraken-nano/install/setup.sh'
[26.560s] INFO:colcon.colcon_core.shell:Creating prefix script '/home/ubuntu/Documents/uvic/kraken-nano/install/local_setup.bash'
[26.563s] INFO:colcon.colcon_core.shell:Creating prefix chain script '/home/ubuntu/Documents/uvic/kraken-nano/install/setup.bash'
[26.567s] INFO:colcon.colcon_core.shell:Creating prefix script '/home/ubuntu/Documents/uvic/kraken-nano/install/local_setup.zsh'
[26.572s] INFO:colcon.colcon_core.shell:Creating prefix chain script '/home/ubuntu/Documents/uvic/kraken-nano/install/setup.zsh'
