/home/ubuntu/Documents/uvic/kraken-nano/install/kraken/lib/python3.10/site-packages/kraken/__init__.py
/home/ubuntu/Documents/uvic/kraken-nano/install/kraken/lib/python3.10/site-packages/kraken/controller.py
/home/ubuntu/Documents/uvic/kraken-nano/install/kraken/lib/python3.10/site-packages/kraken/planner.py
/home/ubuntu/Documents/uvic/kraken-nano/install/kraken/lib/python3.10/site-packages/kraken/state_estimator.py
/home/ubuntu/Documents/uvic/kraken-nano/install/kraken/lib/python3.10/site-packages/kraken/computer_vision.py
/home/ubuntu/Documents/uvic/kraken-nano/install/kraken/lib/python3.10/site-packages/kraken/__pycache__/__init__.cpython-310.pyc
/home/ubuntu/Documents/uvic/kraken-nano/install/kraken/lib/python3.10/site-packages/kraken/__pycache__/controller.cpython-310.pyc
/home/ubuntu/Documents/uvic/kraken-nano/install/kraken/lib/python3.10/site-packages/kraken/__pycache__/planner.cpython-310.pyc
/home/ubuntu/Documents/uvic/kraken-nano/install/kraken/lib/python3.10/site-packages/kraken/__pycache__/state_estimator.cpython-310.pyc
/home/ubuntu/Documents/uvic/kraken-nano/install/kraken/lib/python3.10/site-packages/kraken/__pycache__/computer_vision.cpython-310.pyc
/home/ubuntu/Documents/uvic/kraken-nano/install/kraken/share/ament_index/resource_index/packages/kraken
/home/ubuntu/Documents/uvic/kraken-nano/install/kraken/share/kraken/package.xml
/home/ubuntu/Documents/uvic/kraken-nano/install/kraken/share/kraken/launch/kraken.launch.py
/home/ubuntu/Documents/uvic/kraken-nano/install/kraken/lib/python3.10/site-packages/kraken-0.0.0-py3.10.egg-info/requires.txt
/home/ubuntu/Documents/uvic/kraken-nano/install/kraken/lib/python3.10/site-packages/kraken-0.0.0-py3.10.egg-info/top_level.txt
/home/ubuntu/Documents/uvic/kraken-nano/install/kraken/lib/python3.10/site-packages/kraken-0.0.0-py3.10.egg-info/zip-safe
/home/ubuntu/Documents/uvic/kraken-nano/install/kraken/lib/python3.10/site-packages/kraken-0.0.0-py3.10.egg-info/SOURCES.txt
/home/ubuntu/Documents/uvic/kraken-nano/install/kraken/lib/python3.10/site-packages/kraken-0.0.0-py3.10.egg-info/dependency_links.txt
/home/ubuntu/Documents/uvic/kraken-nano/install/kraken/lib/python3.10/site-packages/kraken-0.0.0-py3.10.egg-info/entry_points.txt
/home/ubuntu/Documents/uvic/kraken-nano/install/kraken/lib/python3.10/site-packages/kraken-0.0.0-py3.10.egg-info/PKG-INFO
/home/ubuntu/Documents/uvic/kraken-nano/install/kraken/lib/kraken/computer_vision
/home/ubuntu/Documents/uvic/kraken-nano/install/kraken/lib/kraken/controller
/home/ubuntu/Documents/uvic/kraken-nano/install/kraken/lib/kraken/planner
/home/ubuntu/Documents/uvic/kraken-nano/install/kraken/lib/kraken/state_estimator
